23
Data Download failed. Exiting
23
Data Download failed. Exiting
23
Data Download failed. Exiting
23
Data Download failed. Exiting
23
Data Download failed. Exiting
23
Data Download failed. Exiting
23
Data Download failed. Exiting
23
Data Download failed. Exiting
23
Data Download failed. Exiting
23
Data Download failed. Exiting
23
Data Download failed. Exiting
23
Data Download failed. Exiting
0
X-Powered-By: PHP/5.2.6
Content-type: text/html

/home/wizard/public_html/boatingfreedom.com/wp-content/themes/boatingfreedom/boatingfreedom.xml Feed imported sucessfully<br>
0
X-Powered-By: PHP/5.2.6
Content-type: text/html

/home/wizard/public_html/boatingfreedom.com/wp-content/themes/boatingfreedom/boatingfreedom.xml Feed imported sucessfully<br>
0
X-Powered-By: PHP/5.2.6
Content-type: text/html

/home/wizard/public_html/boatingfreedom.com/wp-content/themes/boatingfreedom/boatingfreedom.xml Feed imported sucessfully<br>
0
X-Powered-By: PHP/5.2.6
Content-type: text/html

/home/wizard/public_html/boatingfreedom.com/wp-content/themes/boatingfreedom/boatingfreedom.xml Feed imported sucessfully<br>
0
X-Powered-By: PHP/5.2.6
Content-type: text/html

/home/wizard/public_html/boatingfreedom.com/wp-content/themes/boatingfreedom/boatingfreedom.xml Feed imported sucessfully<br>
0
X-Powered-By: PHP/5.2.6
Content-type: text/html

/home/wizard/public_html/boatingfreedom.com/wp-content/themes/boatingfreedom/boatingfreedom.xml Feed imported sucessfully<br>
0
X-Powered-By: PHP/5.2.6
Content-type: text/html

/home/wizard/public_html/boatingfreedom.com/wp-content/themes/boatingfreedom/boatingfreedom.xml Feed imported sucessfully<br>
0
X-Powered-By: PHP/5.2.6
Content-type: text/html

/home/wizard/public_html/boatingfreedom.com/wp-content/themes/boatingfreedom/boatingfreedom.xml Feed imported sucessfully<br>
0
X-Powered-By: PHP/5.2.6
Content-type: text/html

/home/wizard/public_html/boatingfreedom.com/wp-content/themes/boatingfreedom/boatingfreedom.xml Feed imported sucessfully<br>
0
X-Powered-By: PHP/5.2.6
Content-type: text/html

/home/wizard/public_html/boatingfreedom.com/wp-content/themes/boatingfreedom/boatingfreedom.xml Feed imported sucessfully<br>
0
X-Powered-By: PHP/5.2.6
Content-type: text/html

/home/wizard/public_html/boatingfreedom.com/wp-content/themes/boatingfreedom/boatingfreedom.xml Feed imported sucessfully<br>
0
X-Powered-By: PHP/5.2.6
Content-type: text/html

/home/wizard/public_html/boatingfreedom.com/wp-content/themes/boatingfreedom/boatingfreedom.xml Feed imported sucessfully<br>
0
X-Powered-By: PHP/5.2.6
Content-type: text/html

/home/wizard/public_html/boatingfreedom.com/wp-content/themes/boatingfreedom/boatingfreedom.xml Feed imported sucessfully<br>
0
X-Powered-By: PHP/5.2.6
Content-type: text/html

/home/wizard/public_html/boatingfreedom.com/wp-content/themes/boatingfreedom/boatingfreedom.xml Feed imported sucessfully<br>
0
X-Powered-By: PHP/5.2.6
Content-type: text/html

/home/wizard/public_html/boatingfreedom.com/wp-content/themes/boatingfreedom/boatingfreedom.xml Feed imported sucessfully<br>
0
X-Powered-By: PHP/5.2.6
Content-type: text/html

/home/wizard/public_html/boatingfreedom.com/wp-content/themes/boatingfreedom/boatingfreedom.xml Feed imported sucessfully<br>
0
X-Powered-By: PHP/5.2.6
Content-type: text/html

/home/wizard/public_html/boatingfreedom.com/wp-content/themes/boatingfreedom/boatingfreedom.xml Feed imported sucessfully<br>
0
X-Powered-By: PHP/5.2.6
Content-type: text/html

/home/wizard/public_html/boatingfreedom.com/wp-content/themes/boatingfreedom/boatingfreedom.xml Feed imported sucessfully<br>
0
X-Powered-By: PHP/5.2.6
Content-type: text/html

/home/wizard/public_html/boatingfreedom.com/wp-content/themes/boatingfreedom/boatingfreedom.xml Feed imported sucessfully<br>
0
X-Powered-By: PHP/5.2.6
Content-type: text/html

/home/wizard/public_html/boatingfreedom.com/wp-content/themes/boatingfreedom/boatingfreedom.xml Feed imported sucessfully<br>
0
X-Powered-By: PHP/5.2.6
Content-type: text/html

/home/wizard/public_html/boatingfreedom.com/wp-content/themes/boatingfreedom/boatingfreedom.xml Feed imported sucessfully<br>
0
X-Powered-By: PHP/5.2.6
Content-type: text/html

/home/wizard/public_html/boatingfreedom.com/wp-content/themes/boatingfreedom/boatingfreedom.xml Feed imported sucessfully<br>
0
X-Powered-By: PHP/5.2.6
Content-type: text/html

/home/wizard/public_html/boatingfreedom.com/wp-content/themes/boatingfreedom/boatingfreedom.xml Feed imported sucessfully<br>
0
X-Powered-By: PHP/5.2.6
Content-type: text/html

/home/wizard/public_html/boatingfreedom.com/wp-content/themes/boatingfreedom/boatingfreedom.xml Feed imported sucessfully<br>
0
X-Powered-By: PHP/5.2.6
Content-type: text/html

/home/wizard/public_html/boatingfreedom.com/wp-content/themes/boatingfreedom/boatingfreedom.xml Feed imported sucessfully<br>
0
X-Powered-By: PHP/5.2.6
Content-type: text/html

/home/wizard/public_html/boatingfreedom.com/wp-content/themes/boatingfreedom/boatingfreedom.xml Feed imported sucessfully<br>
0
X-Powered-By: PHP/5.2.6
Content-type: text/html

/home/wizard/public_html/boatingfreedom.com/wp-content/themes/boatingfreedom/boatingfreedom.xml Feed imported sucessfully<br>
0
X-Powered-By: PHP/5.2.6
Content-type: text/html

/home/wizard/public_html/boatingfreedom.com/wp-content/themes/boatingfreedom/boatingfreedom.xml Feed imported sucessfully<br>
0
X-Powered-By: PHP/5.2.6
Content-type: text/html

/home/wizard/public_html/boatingfreedom.com/wp-content/themes/boatingfreedom/boatingfreedom.xml Feed imported sucessfully<br>
0
X-Powered-By: PHP/5.2.6
Content-type: text/html

/home/wizard/public_html/boatingfreedom.com/wp-content/themes/boatingfreedom/boatingfreedom.xml Feed imported sucessfully<br>
0
X-Powered-By: PHP/5.2.6
Content-type: text/html

/home/wizard/public_html/boatingfreedom.com/wp-content/themes/boatingfreedom/boatingfreedom.xml Feed imported sucessfully<br>
0
X-Powered-By: PHP/5.2.6
Content-type: text/html

/home/wizard/public_html/boatingfreedom.com/wp-content/themes/boatingfreedom/boatingfreedom.xml Feed imported sucessfully<br>
0
X-Powered-By: PHP/5.2.6
Content-type: text/html

/home/wizard/public_html/boatingfreedom.com/wp-content/themes/boatingfreedom/boatingfreedom.xml Feed imported sucessfully<br>
0
X-Powered-By: PHP/5.2.6
Content-type: text/html

/home/wizard/public_html/boatingfreedom.com/wp-content/themes/boatingfreedom/boatingfreedom.xml Feed imported sucessfully<br>
0
X-Powered-By: PHP/5.2.6
Content-type: text/html

/home/wizard/public_html/boatingfreedom.com/wp-content/themes/boatingfreedom/boatingfreedom.xml Feed imported sucessfully<br>
0
X-Powered-By: PHP/5.2.6
Content-type: text/html

/home/wizard/public_html/boatingfreedom.com/wp-content/themes/boatingfreedom/boatingfreedom.xml Feed imported sucessfully<br>
0
X-Powered-By: PHP/5.2.6
Content-type: text/html

/home/wizard/public_html/boatingfreedom.com/wp-content/themes/boatingfreedom/boatingfreedom.xml Feed imported sucessfully<br>
0
X-Powered-By: PHP/5.2.6
Content-type: text/html

/home/wizard/public_html/boatingfreedom.com/wp-content/themes/boatingfreedom/boatingfreedom.xml Feed imported sucessfully<br>
0
X-Powered-By: PHP/5.2.6
Content-type: text/html

/home/wizard/public_html/boatingfreedom.com/wp-content/themes/boatingfreedom/boatingfreedom.xml Feed imported sucessfully<br>
0
X-Powered-By: PHP/5.2.6
Content-type: text/html

/home/wizard/public_html/boatingfreedom.com/wp-content/themes/boatingfreedom/boatingfreedom.xml Feed imported sucessfully<br>
0
X-Powered-By: PHP/5.2.6
Content-type: text/html

/home/wizard/public_html/boatingfreedom.com/wp-content/themes/boatingfreedom/boatingfreedom.xml Feed imported sucessfully<br>
0
X-Powered-By: PHP/5.2.6
Content-type: text/html

/home/wizard/public_html/boatingfreedom.com/wp-content/themes/boatingfreedom/boatingfreedom.xml Feed imported sucessfully<br>
0
X-Powered-By: PHP/5.2.6
Content-type: text/html

/home/wizard/public_html/boatingfreedom.com/wp-content/themes/boatingfreedom/boatingfreedom.xml Feed imported sucessfully<br>
0
X-Powered-By: PHP/5.2.6
Content-type: text/html

/home/wizard/public_html/boatingfreedom.com/wp-content/themes/boatingfreedom/boatingfreedom.xml Feed imported sucessfully<br>
0
X-Powered-By: PHP/5.2.6
Content-type: text/html

/home/wizard/public_html/boatingfreedom.com/wp-content/themes/boatingfreedom/boatingfreedom.xml Feed imported sucessfully<br>
0
X-Powered-By: PHP/5.2.6
Content-type: text/html

/home/wizard/public_html/boatingfreedom.com/wp-content/themes/boatingfreedom/boatingfreedom.xml Feed imported sucessfully<br>
0
X-Powered-By: PHP/5.2.6
Content-type: text/html

/home/wizard/public_html/boatingfreedom.com/wp-content/themes/boatingfreedom/boatingfreedom.xml Feed imported sucessfully<br>
0
X-Powered-By: PHP/5.2.6
Content-type: text/html

/home/wizard/public_html/boatingfreedom.com/wp-content/themes/boatingfreedom/boatingfreedom.xml Feed imported sucessfully<br>
0
X-Powered-By: PHP/5.2.6
Content-type: text/html

/home/wizard/public_html/boatingfreedom.com/wp-content/themes/boatingfreedom/boatingfreedom.xml Feed imported sucessfully<br>
0
X-Powered-By: PHP/5.2.6
Content-type: text/html

/home/wizard/public_html/boatingfreedom.com/wp-content/themes/boatingfreedom/boatingfreedom.xml Feed imported sucessfully<br>
0
X-Powered-By: PHP/5.2.6
Content-type: text/html

/home/wizard/public_html/boatingfreedom.com/wp-content/themes/boatingfreedom/boatingfreedom.xml Feed imported sucessfully<br>
0
X-Powered-By: PHP/5.2.6
Content-type: text/html

/home/wizard/public_html/boatingfreedom.com/wp-content/themes/boatingfreedom/boatingfreedom.xml Feed imported sucessfully<br>
0
X-Powered-By: PHP/5.2.6
Content-type: text/html

/home/wizard/public_html/boatingfreedom.com/wp-content/themes/boatingfreedom/boatingfreedom.xml Feed imported sucessfully<br>
0
X-Powered-By: PHP/5.2.6
Content-type: text/html

/home/wizard/public_html/boatingfreedom.com/wp-content/themes/boatingfreedom/boatingfreedom.xml Feed imported sucessfully<br>
0
X-Powered-By: PHP/5.2.6
Content-type: text/html

/home/wizard/public_html/boatingfreedom.com/wp-content/themes/boatingfreedom/boatingfreedom.xml Feed imported sucessfully<br>
0
X-Powered-By: PHP/5.2.6
Content-type: text/html

/home/wizard/public_html/boatingfreedom.com/wp-content/themes/boatingfreedom/boatingfreedom.xml Feed imported sucessfully<br>
0
X-Powered-By: PHP/5.2.6
Content-type: text/html

/home/wizard/public_html/boatingfreedom.com/wp-content/themes/boatingfreedom/boatingfreedom.xml Feed imported sucessfully<br>
0
X-Powered-By: PHP/5.2.6
Content-type: text/html

/home/wizard/public_html/boatingfreedom.com/wp-content/themes/boatingfreedom/boatingfreedom.xml Feed imported sucessfully<br>
0
X-Powered-By: PHP/5.2.6
Content-type: text/html

/home/wizard/public_html/boatingfreedom.com/wp-content/themes/boatingfreedom/boatingfreedom.xml Feed imported sucessfully<br>
0
X-Powered-By: PHP/5.2.6
Content-type: text/html

/home/wizard/public_html/boatingfreedom.com/wp-content/themes/boatingfreedom/boatingfreedom.xml Feed imported sucessfully<br>
0
X-Powered-By: PHP/5.2.6
Content-type: text/html

/home/wizard/public_html/boatingfreedom.com/wp-content/themes/boatingfreedom/boatingfreedom.xml Feed imported sucessfully<br>
0
X-Powered-By: PHP/5.2.6
Content-type: text/html

/home/wizard/public_html/boatingfreedom.com/wp-content/themes/boatingfreedom/boatingfreedom.xml Feed imported sucessfully<br>
0
X-Powered-By: PHP/5.2.6
Content-type: text/html

/home/wizard/public_html/boatingfreedom.com/wp-content/themes/boatingfreedom/boatingfreedom.xml Feed imported sucessfully<br>
0
X-Powered-By: PHP/5.2.6
Content-type: text/html

/home/wizard/public_html/boatingfreedom.com/wp-content/themes/boatingfreedom/boatingfreedom.xml Feed imported sucessfully<br>
0
X-Powered-By: PHP/5.2.6
Content-type: text/html

/home/wizard/public_html/boatingfreedom.com/wp-content/themes/boatingfreedom/boatingfreedom.xml Feed imported sucessfully<br>
0
X-Powered-By: PHP/5.2.6
Content-type: text/html

/home/wizard/public_html/boatingfreedom.com/wp-content/themes/boatingfreedom/boatingfreedom.xml Feed imported sucessfully<br>
0
X-Powered-By: PHP/5.2.6
Content-type: text/html

/home/wizard/public_html/boatingfreedom.com/wp-content/themes/boatingfreedom/boatingfreedom.xml Feed imported sucessfully<br>
0
X-Powered-By: PHP/5.2.6
Content-type: text/html

/home/wizard/public_html/boatingfreedom.com/wp-content/themes/boatingfreedom/boatingfreedom.xml Feed imported sucessfully<br>
0
X-Powered-By: PHP/5.2.6
Content-type: text/html

/home/wizard/public_html/boatingfreedom.com/wp-content/themes/boatingfreedom/boatingfreedom.xml Feed imported sucessfully<br>
0
X-Powered-By: PHP/5.2.6
Content-type: text/html

/home/wizard/public_html/boatingfreedom.com/wp-content/themes/boatingfreedom/boatingfreedom.xml Feed imported sucessfully<br>
0
X-Powered-By: PHP/5.2.6
Content-type: text/html

/home/wizard/public_html/boatingfreedom.com/wp-content/themes/boatingfreedom/boatingfreedom.xml Feed imported sucessfully<br>
0
X-Powered-By: PHP/5.2.6
Content-type: text/html

/home/wizard/public_html/boatingfreedom.com/wp-content/themes/boatingfreedom/boatingfreedom.xml Feed imported sucessfully<br>
0
X-Powered-By: PHP/5.2.6
Content-type: text/html

/home/wizard/public_html/boatingfreedom.com/wp-content/themes/boatingfreedom/boatingfreedom.xml Feed imported sucessfully<br>
0
X-Powered-By: PHP/5.2.6
Content-type: text/html

/home/wizard/public_html/boatingfreedom.com/wp-content/themes/boatingfreedom/boatingfreedom.xml Feed imported sucessfully<br>
0
X-Powered-By: PHP/5.2.6
Content-type: text/html

/home/wizard/public_html/boatingfreedom.com/wp-content/themes/boatingfreedom/boatingfreedom.xml Feed imported sucessfully<br>
0
X-Powered-By: PHP/5.2.6
Content-type: text/html

/home/wizard/public_html/boatingfreedom.com/wp-content/themes/boatingfreedom/boatingfreedom.xml Feed imported sucessfully<br>
0
X-Powered-By: PHP/5.2.6
Content-type: text/html

/home/wizard/public_html/boatingfreedom.com/wp-content/themes/boatingfreedom/boatingfreedom.xml Feed imported sucessfully<br>
0
X-Powered-By: PHP/5.2.6
Content-type: text/html

/home/wizard/public_html/boatingfreedom.com/wp-content/themes/boatingfreedom/boatingfreedom.xml Feed imported sucessfully<br>
0
X-Powered-By: PHP/5.2.6
Content-type: text/html

/home/wizard/public_html/boatingfreedom.com/wp-content/themes/boatingfreedom/boatingfreedom.xml Feed imported sucessfully<br>
0
X-Powered-By: PHP/5.2.6
Content-type: text/html

/home/wizard/public_html/boatingfreedom.com/wp-content/themes/boatingfreedom/boatingfreedom.xml Feed imported sucessfully<br>
0
X-Powered-By: PHP/5.2.6
Content-type: text/html

/home/wizard/public_html/boatingfreedom.com/wp-content/themes/boatingfreedom/boatingfreedom.xml Feed imported sucessfully<br>
0
X-Powered-By: PHP/5.2.6
Content-type: text/html

/home/wizard/public_html/boatingfreedom.com/wp-content/themes/boatingfreedom/boatingfreedom.xml Feed imported sucessfully<br>
0
X-Powered-By: PHP/5.2.6
Content-type: text/html

/home/wizard/public_html/boatingfreedom.com/wp-content/themes/boatingfreedom/boatingfreedom.xml Feed imported sucessfully<br>
0
X-Powered-By: PHP/5.2.6
Content-type: text/html

/home/wizard/public_html/boatingfreedom.com/wp-content/themes/boatingfreedom/boatingfreedom.xml Feed imported sucessfully<br>
0
X-Powered-By: PHP/5.2.6
Content-type: text/html

/home/wizard/public_html/boatingfreedom.com/wp-content/themes/boatingfreedom/boatingfreedom.xml Feed imported sucessfully<br>
0
X-Powered-By: PHP/5.2.6
Content-type: text/html

/home/wizard/public_html/boatingfreedom.com/wp-content/themes/boatingfreedom/boatingfreedom.xml Feed imported sucessfully<br>
0
X-Powered-By: PHP/5.2.6
Content-type: text/html

/home/wizard/public_html/boatingfreedom.com/wp-content/themes/boatingfreedom/boatingfreedom.xml Feed imported sucessfully<br>
0
X-Powered-By: PHP/5.2.6
Content-type: text/html

/home/wizard/public_html/boatingfreedom.com/wp-content/themes/boatingfreedom/boatingfreedom.xml Feed imported sucessfully<br>
0
X-Powered-By: PHP/5.2.6
Content-type: text/html

/home/wizard/public_html/boatingfreedom.com/wp-content/themes/boatingfreedom/boatingfreedom.xml Feed imported sucessfully<br>
0
X-Powered-By: PHP/5.2.6
Content-type: text/html

/home/wizard/public_html/boatingfreedom.com/wp-content/themes/boatingfreedom/boatingfreedom.xml Feed imported sucessfully<br>
0
X-Powered-By: PHP/5.2.6
Content-type: text/html

/home/wizard/public_html/boatingfreedom.com/wp-content/themes/boatingfreedom/boatingfreedom.xml Feed imported sucessfully<br>
0
X-Powered-By: PHP/5.2.6
Content-type: text/html

/home/wizard/public_html/boatingfreedom.com/wp-content/themes/boatingfreedom/boatingfreedom.xml Feed imported sucessfully<br>
0
X-Powered-By: PHP/5.2.6
Content-type: text/html

/home/wizard/public_html/boatingfreedom.com/wp-content/themes/boatingfreedom/boatingfreedom.xml Feed imported sucessfully<br>
0
X-Powered-By: PHP/5.2.6
Content-type: text/html

/home/wizard/public_html/boatingfreedom.com/wp-content/themes/boatingfreedom/boatingfreedom.xml Feed imported sucessfully<br>
0
X-Powered-By: PHP/5.2.6
Content-type: text/html

/home/wizard/public_html/boatingfreedom.com/wp-content/themes/boatingfreedom/boatingfreedom.xml Feed imported sucessfully<br>
0
X-Powered-By: PHP/5.2.6
Content-type: text/html

/home/wizard/public_html/boatingfreedom.com/wp-content/themes/boatingfreedom/boatingfreedom.xml Feed imported sucessfully<br>
0
X-Powered-By: PHP/5.2.6
Content-type: text/html

/home/wizard/public_html/boatingfreedom.com/wp-content/themes/boatingfreedom/boatingfreedom.xml Feed imported sucessfully<br>
0
X-Powered-By: PHP/5.2.6
Content-type: text/html

/home/wizard/public_html/boatingfreedom.com/wp-content/themes/boatingfreedom/boatingfreedom.xml Feed imported sucessfully<br>
0
X-Powered-By: PHP/5.2.6
Content-type: text/html

/home/wizard/public_html/boatingfreedom.com/wp-content/themes/boatingfreedom/boatingfreedom.xml Feed imported sucessfully<br>
0
X-Powered-By: PHP/5.2.6
Content-type: text/html

/home/wizard/public_html/boatingfreedom.com/wp-content/themes/boatingfreedom/boatingfreedom.xml Feed imported sucessfully<br>
0
X-Powered-By: PHP/5.2.6
Content-type: text/html

/home/wizard/public_html/boatingfreedom.com/wp-content/themes/boatingfreedom/boatingfreedom.xml Feed imported sucessfully<br>
0
X-Powered-By: PHP/5.2.6
Content-type: text/html

/home/wizard/public_html/boatingfreedom.com/wp-content/themes/boatingfreedom/boatingfreedom.xml Feed imported sucessfully<br>
0
X-Powered-By: PHP/5.2.6
Content-type: text/html

/home/wizard/public_html/boatingfreedom.com/wp-content/themes/boatingfreedom/boatingfreedom.xml Feed imported sucessfully<br>
0
X-Powered-By: PHP/5.2.6
Content-type: text/html

/home/wizard/public_html/boatingfreedom.com/wp-content/themes/boatingfreedom/boatingfreedom.xml Feed imported sucessfully<br>
0
X-Powered-By: PHP/5.2.6
Content-type: text/html

/home/wizard/public_html/boatingfreedom.com/wp-content/themes/boatingfreedom/boatingfreedom.xml Feed imported sucessfully<br>
0
X-Powered-By: PHP/5.2.6
Content-type: text/html

/home/wizard/public_html/boatingfreedom.com/wp-content/themes/boatingfreedom/boatingfreedom.xml Feed imported sucessfully<br>
0
X-Powered-By: PHP/5.2.6
Content-type: text/html

/home/wizard/public_html/boatingfreedom.com/wp-content/themes/boatingfreedom/boatingfreedom.xml Feed imported sucessfully<br>
0
X-Powered-By: PHP/5.2.6
Content-type: text/html

/home/wizard/public_html/boatingfreedom.com/wp-content/themes/boatingfreedom/boatingfreedom.xml Feed imported sucessfully<br>
0
X-Powered-By: PHP/5.2.6
Content-type: text/html

/home/wizard/public_html/boatingfreedom.com/wp-content/themes/boatingfreedom/boatingfreedom.xml Feed imported sucessfully<br>
0
X-Powered-By: PHP/5.2.6
Content-type: text/html

/home/wizard/public_html/boatingfreedom.com/wp-content/themes/boatingfreedom/boatingfreedom.xml Feed imported sucessfully<br>
0
X-Powered-By: PHP/5.2.6
Content-type: text/html

/home/wizard/public_html/boatingfreedom.com/wp-content/themes/boatingfreedom/boatingfreedom.xml Feed imported sucessfully<br>
0
X-Powered-By: PHP/5.2.6
Content-type: text/html

<br />
<b>Warning</b>:  simplexml_load_file() [<a href='function.simplexml-load-file'>function.simplexml-load-file</a>]: /home/wizard/public_html/boatingfreedom.com/wp-content/themes/boatingfreedom/boatingfreedom.xml:85: parser error : Opening and ending tag mismatch: URI line 85 and DocumentIdentification in <b>/home/wizard/public_html/boatingfreedom.com/wp-content/themes/boatingfreedom/classes/db.class.php</b> on line <b>124</b><br />
<br />
<b>Warning</b>:  simplexml_load_file() [<a href='function.simplexml-load-file'>function.simplexml-load-file</a>]: mt.boatwIdentification&gt;&lt;DocumentID&gt;3855473&lt;/DocumentID&gt;&lt;/DocumentIdentification&gt; in <b>/home/wizard/public_html/boatingfreedom.com/wp-content/themes/boatingfreedom/classes/db.class.php</b> on line <b>124</b><br />
<br />
<b>Warning</b>:  simplexml_load_file() [<a href='function.simplexml-load-file'>function.simplexml-load-file</a>]:                                                                                ^ in <b>/home/wizard/public_html/boatingfreedom.com/wp-content/themes/boatingfreedom/classes/db.class.php</b> on line <b>124</b><br />
<br />
<b>Warning</b>:  simplexml_load_file() [<a href='function.simplexml-load-file'>function.simplexml-load-file</a>]: /home/wizard/public_html/boatingfreedom.com/wp-content/themes/boatingfreedom/boatingfreedom.xml:85: parser error : Opening and ending tag mismatch: ImageAttachmentExtended line 85 and DocumentIdentificationGroup in <b>/home/wizard/public_html/boatingfreedom.com/wp-content/themes/boatingfreedom/classes/db.class.php</b> on line <b>124</b><br />
<br />
<b>Warning</b>:  simplexml_load_file() [<a href='function.simplexml-load-file'>function.simplexml-load-file</a>]: ntID&gt;3855473&lt;/DocumentID&gt;&lt;/DocumentIdentification&gt;&lt;/DocumentIdentificationGroup&gt; in <b>/home/wizard/public_html/boatingfreedom.com/wp-content/themes/boatingfreedom/classes/db.class.php</b> on line <b>124</b><br />
<br />
<b>Warning</b>:  simplexml_load_file() [<a href='function.simplexml-load-file'>function.simplexml-load-file</a>]:                                                                                ^ in <b>/home/wizard/public_html/boatingfreedom.com/wp-content/themes/boatingfreedom/classes/db.class.php</b> on line <b>124</b><br />
<br />
<b>Warning</b>:  simplexml_load_file() [<a href='function.simplexml-load-file'>function.simplexml-load-file</a>]: /home/wizard/public_html/boatingfreedom.com/wp-content/themes/boatingfreedom/boatingfreedom.xml:85: parser error : Opening and ending tag mismatch: VehicleRemarketingBoatLineItem line 85 and VehicleRemarketingHeader in <b>/home/wizard/public_html/boatingfreedom.com/wp-content/themes/boatingfreedom/classes/db.class.php</b> on line <b>124</b><br />
<br />
<b>Warning</b>:  simplexml_load_file() [<a href='function.simplexml-load-file'>function.simplexml-load-file</a>]: DocumentIdentification&gt;&lt;/DocumentIdentificationGroup&gt;&lt;/VehicleRemarketingHeader&gt; in <b>/home/wizard/public_html/boatingfreedom.com/wp-content/themes/boatingfreedom/classes/db.class.php</b> on line <b>124</b><br />
<br />
<b>Warning</b>:  simplexml_load_file() [<a href='function.simplexml-load-file'>function.simplexml-load-file</a>]:                                                                                ^ in <b>/home/wizard/public_html/boatingfreedom.com/wp-content/themes/boatingfreedom/classes/db.class.php</b> on line <b>124</b><br />
Unable to load XML file!0
X-Powered-By: PHP/5.2.6
Content-type: text/html

<br />
<b>Warning</b>:  simplexml_load_file() [<a href='function.simplexml-load-file'>function.simplexml-load-file</a>]: /home/wizard/public_html/boatingfreedom.com/wp-content/themes/boatingfreedom/boatingfreedom.xml:17: parser error : Premature end of data in tag Description line 17 in <b>/home/wizard/public_html/boatingfreedom.com/wp-content/themes/boatingfreedom/classes/db.class.php</b> on line <b>124</b><br />
<br />
<b>Warning</b>:  simplexml_load_file() [<a href='function.simplexml-load-file'>function.simplexml-load-file</a>]: height=&quot;20&quot;&amp;gt;Total Guest Berths&amp;lt;/td&amp;gt;&amp;lt;td width=&quot;64&quot;&amp;gt;&amp;amp;nbsp;&amp;lt;/ in <b>/home/wizard/public_html/boatingfreedom.com/wp-content/themes/boatingfreedom/classes/db.class.php</b> on line <b>124</b><br />
<br />
<b>Warning</b>:  simplexml_load_file() [<a href='function.simplexml-load-file'>function.simplexml-load-file</a>]:                                                                                ^ in <b>/home/wizard/public_html/boatingfreedom.com/wp-content/themes/boatingfreedom/classes/db.class.php</b> on line <b>124</b><br />
<br />
<b>Warning</b>:  simplexml_load_file() [<a href='function.simplexml-load-file'>function.simplexml-load-file</a>]: /home/wizard/public_html/boatingfreedom.com/wp-content/themes/boatingfreedom/boatingfreedom.xml:17: parser error : Premature end of data in tag AdditionalDetailDescription line 17 in <b>/home/wizard/public_html/boatingfreedom.com/wp-content/themes/boatingfreedom/classes/db.class.php</b> on line <b>124</b><br />
<br />
<b>Warning</b>:  simplexml_load_file() [<a href='function.simplexml-load-file'>function.simplexml-load-file</a>]: height=&quot;20&quot;&amp;gt;Total Guest Berths&amp;lt;/td&amp;gt;&amp;lt;td width=&quot;64&quot;&amp;gt;&amp;amp;nbsp;&amp;lt;/ in <b>/home/wizard/public_html/boatingfreedom.com/wp-content/themes/boatingfreedom/classes/db.class.php</b> on line <b>124</b><br />
<br />
<b>Warning</b>:  simplexml_load_file() [<a href='function.simplexml-load-file'>function.simplexml-load-file</a>]:                                                                                ^ in <b>/home/wizard/public_html/boatingfreedom.com/wp-content/themes/boatingfreedom/classes/db.class.php</b> on line <b>124</b><br />
<br />
<b>Warning</b>:  simplexml_load_file() [<a href='function.simplexml-load-file'>function.simplexml-load-file</a>]: /home/wizard/public_html/boatingfreedom.com/wp-content/themes/boatingfreedom/boatingfreedom.xml:17: parser error : Premature end of data in tag VehicleRemarketingBoatLineItem line 13 in <b>/home/wizard/public_html/boatingfreedom.com/wp-content/themes/boatingfreedom/classes/db.class.php</b> on line <b>124</b><br />
<br />
<b>Warning</b>:  simplexml_load_file() [<a href='function.simplexml-load-file'>function.simplexml-load-file</a>]: height=&quot;20&quot;&amp;gt;Total Guest Berths&amp;lt;/td&amp;gt;&amp;lt;td width=&quot;64&quot;&amp;gt;&amp;amp;nbsp;&amp;lt;/ in <b>/home/wizard/public_html/boatingfreedom.com/wp-content/themes/boatingfreedom/classes/db.class.php</b> on line <b>124</b><br />
<br />
<b>Warning</b>:  simplexml_load_file() [<a href='function.simplexml-load-file'>function.simplexml-load-file</a>]:                                                                                ^ in <b>/home/wizard/public_html/boatingfreedom.com/wp-content/themes/boatingfreedom/classes/db.class.php</b> on line <b>124</b><br />
<br />
<b>Warning</b>:  simplexml_load_file() [<a href='function.simplexml-load-file'>function.simplexml-load-file</a>]: /home/wizard/public_html/boatingfreedom.com/wp-content/themes/boatingfreedom/boatingfreedom.xml:17: parser error : Premature end of data in tag VehicleRemarketing line 13 in <b>/home/wizard/public_html/boatingfreedom.com/wp-content/themes/boatingfreedom/classes/db.class.php</b> on line <b>124</b><br />
<br />
<b>Warning</b>:  simplexml_load_file() [<a href='function.simplexml-load-file'>function.simplexml-load-file</a>]: height=&quot;20&quot;&amp;gt;Total Guest Berths&amp;lt;/td&amp;gt;&amp;lt;td width=&quot;64&quot;&amp;gt;&amp;amp;nbsp;&amp;lt;/ in <b>/home/wizard/public_html/boatingfreedom.com/wp-content/themes/boatingfreedom/classes/db.class.php</b> on line <b>124</b><br />
<br />
<b>Warning</b>:  simplexml_load_file() [<a href='function.simplexml-load-file'>function.simplexml-load-file</a>]:                                                                                ^ in <b>/home/wizard/public_html/boatingfreedom.com/wp-content/themes/boatingfreedom/classes/db.class.php</b> on line <b>124</b><br />
<br />
<b>Warning</b>:  simplexml_load_file() [<a href='function.simplexml-load-file'>function.simplexml-load-file</a>]: /home/wizard/public_html/boatingfreedom.com/wp-content/themes/boatingfreedom/boatingfreedom.xml:17: parser error : Premature end of data in tag ProcessVehicleRemarketingDataArea line 2 in <b>/home/wizard/public_html/boatingfreedom.com/wp-content/themes/boatingfreedom/classes/db.class.php</b> on line <b>124</b><br />
<br />
<b>Warning</b>:  simplexml_load_file() [<a href='function.simplexml-load-file'>function.simplexml-load-file</a>]: height=&quot;20&quot;&amp;gt;Total Guest Berths&amp;lt;/td&amp;gt;&amp;lt;td width=&quot;64&quot;&amp;gt;&amp;amp;nbsp;&amp;lt;/ in <b>/home/wizard/public_html/boatingfreedom.com/wp-content/themes/boatingfreedom/classes/db.class.php</b> on line <b>124</b><br />
<br />
<b>Warning</b>:  simplexml_load_file() [<a href='function.simplexml-load-file'>function.simplexml-load-file</a>]:                                                                                ^ in <b>/home/wizard/public_html/boatingfreedom.com/wp-content/themes/boatingfreedom/classes/db.class.php</b> on line <b>124</b><br />
Unable to load XML file!0
X-Powered-By: PHP/5.2.6
Content-type: text/html

/home/wizard/public_html/boatingfreedom.com/wp-content/themes/boatingfreedom/boatingfreedom.xml Feed imported sucessfully<br>
0
X-Powered-By: PHP/5.2.6
Content-type: text/html

/home/wizard/public_html/boatingfreedom.com/wp-content/themes/boatingfreedom/boatingfreedom.xml Feed imported sucessfully<br>
0
X-Powered-By: PHP/5.2.6
Content-type: text/html

/home/wizard/public_html/boatingfreedom.com/wp-content/themes/boatingfreedom/boatingfreedom.xml Feed imported sucessfully<br>
0
X-Powered-By: PHP/5.2.6
Content-type: text/html

/home/wizard/public_html/boatingfreedom.com/wp-content/themes/boatingfreedom/boatingfreedom.xml Feed imported sucessfully<br>
0
X-Powered-By: PHP/5.2.6
Content-type: text/html

<br />
<b>Warning</b>:  simplexml_load_file() [<a href='function.simplexml-load-file'>function.simplexml-load-file</a>]: /home/wizard/public_html/boatingfreedom.com/wp-content/themes/boatingfreedom/boatingfreedom.xml:71: parser error : Opening and ending tag mismatch: IIdentification line 71 and DocumentIdentification in <b>/home/wizard/public_html/boatingfreedom.com/wp-content/themes/boatingfreedom/classes/db.class.php</b> on line <b>124</b><br />
<br />
<b>Warning</b>:  simplexml_load_file() [<a href='function.simplexml-load-file'>function.simplexml-load-file</a>]: ended&gt;&lt;IIdentification&gt;&lt;DocumentID&gt;3855473&lt;/DocumentID&gt;&lt;/DocumentIdentification&gt; in <b>/home/wizard/public_html/boatingfreedom.com/wp-content/themes/boatingfreedom/classes/db.class.php</b> on line <b>124</b><br />
<br />
<b>Warning</b>:  simplexml_load_file() [<a href='function.simplexml-load-file'>function.simplexml-load-file</a>]:                                                                                ^ in <b>/home/wizard/public_html/boatingfreedom.com/wp-content/themes/boatingfreedom/classes/db.class.php</b> on line <b>124</b><br />
<br />
<b>Warning</b>:  simplexml_load_file() [<a href='function.simplexml-load-file'>function.simplexml-load-file</a>]: /home/wizard/public_html/boatingfreedom.com/wp-content/themes/boatingfreedom/boatingfreedom.xml:71: parser error : Opening and ending tag mismatch: VehicleRemarketingBoatLineItem line 71 and DocumentIdentificationGroup in <b>/home/wizard/public_html/boatingfreedom.com/wp-content/themes/boatingfreedom/classes/db.class.php</b> on line <b>124</b><br />
<br />
<b>Warning</b>:  simplexml_load_file() [<a href='function.simplexml-load-file'>function.simplexml-load-file</a>]: ntID&gt;3855473&lt;/DocumentID&gt;&lt;/DocumentIdentification&gt;&lt;/DocumentIdentificationGroup&gt; in <b>/home/wizard/public_html/boatingfreedom.com/wp-content/themes/boatingfreedom/classes/db.class.php</b> on line <b>124</b><br />
<br />
<b>Warning</b>:  simplexml_load_file() [<a href='function.simplexml-load-file'>function.simplexml-load-file</a>]:                                                                                ^ in <b>/home/wizard/public_html/boatingfreedom.com/wp-content/themes/boatingfreedom/classes/db.class.php</b> on line <b>124</b><br />
<br />
<b>Warning</b>:  simplexml_load_file() [<a href='function.simplexml-load-file'>function.simplexml-load-file</a>]: /home/wizard/public_html/boatingfreedom.com/wp-content/themes/boatingfreedom/boatingfreedom.xml:71: parser error : expected '&gt;' in <b>/home/wizard/public_html/boatingfreedom.com/wp-content/themes/boatingfreedom/classes/db.class.php</b> on line <b>124</b><br />
<br />
<b>Warning</b>:  simplexml_load_file() [<a href='function.simplexml-load-file'>function.simplexml-load-file</a>]: ntID&gt;&lt;/DocumentIdentification&gt;&lt;/DocumentIdentificationGroup&gt;&lt;/VehicleRemarketing in <b>/home/wizard/public_html/boatingfreedom.com/wp-content/themes/boatingfreedom/classes/db.class.php</b> on line <b>124</b><br />
<br />
<b>Warning</b>:  simplexml_load_file() [<a href='function.simplexml-load-file'>function.simplexml-load-file</a>]:                                                                                ^ in <b>/home/wizard/public_html/boatingfreedom.com/wp-content/themes/boatingfreedom/classes/db.class.php</b> on line <b>124</b><br />
<br />
<b>Warning</b>:  simplexml_load_file() [<a href='function.simplexml-load-file'>function.simplexml-load-file</a>]: /home/wizard/public_html/boatingfreedom.com/wp-content/themes/boatingfreedom/boatingfreedom.xml:91: parser error : Opening and ending tag mismatch: ProcessVehicleRemarketingDataArea line 2 and VehicleRemarketing in <b>/home/wizard/public_html/boatingfreedom.com/wp-content/themes/boatingfreedom/classes/db.class.php</b> on line <b>124</b><br />
<br />
<b>Warning</b>:  simplexml_load_file() [<a href='function.simplexml-load-file'>function.simplexml-load-file</a>]: nityMethodCode&gt;&lt;/Marketing&gt;&lt;/VehicleRemarketingBoatLineItem&gt;&lt;/VehicleRemarketing in <b>/home/wizard/public_html/boatingfreedom.com/wp-content/themes/boatingfreedom/classes/db.class.php</b> on line <b>124</b><br />
<br />
<b>Warning</b>:  simplexml_load_file() [<a href='function.simplexml-load-file'>function.simplexml-load-file</a>]:                                                                                ^ in <b>/home/wizard/public_html/boatingfreedom.com/wp-content/themes/boatingfreedom/classes/db.class.php</b> on line <b>124</b><br />
<br />
<b>Warning</b>:  simplexml_load_file() [<a href='function.simplexml-load-file'>function.simplexml-load-file</a>]: /home/wizard/public_html/boatingfreedom.com/wp-content/themes/boatingfreedom/boatingfreedom.xml:92: parser error : Extra content at the end of the document in <b>/home/wizard/public_html/boatingfreedom.com/wp-content/themes/boatingfreedom/classes/db.class.php</b> on line <b>124</b><br />
<br />
<b>Warning</b>:  simplexml_load_file() [<a href='function.simplexml-load-file'>function.simplexml-load-file</a>]: &lt;VehicleRemarketing xmlns=&quot;http://www.starstandard.org/STAR/5&quot; xmlns:oagis=&quot;http in <b>/home/wizard/public_html/boatingfreedom.com/wp-content/themes/boatingfreedom/classes/db.class.php</b> on line <b>124</b><br />
<br />
<b>Warning</b>:  simplexml_load_file() [<a href='function.simplexml-load-file'>function.simplexml-load-file</a>]: ^ in <b>/home/wizard/public_html/boatingfreedom.com/wp-content/themes/boatingfreedom/classes/db.class.php</b> on line <b>124</b><br />
Unable to load XML file!0
X-Powered-By: PHP/5.2.6
Content-type: text/html

/home/wizard/public_html/boatingfreedom.com/wp-content/themes/boatingfreedom/boatingfreedom.xml Feed imported sucessfully<br>
0
X-Powered-By: PHP/5.2.6
Content-type: text/html

/home/wizard/public_html/boatingfreedom.com/wp-content/themes/boatingfreedom/boatingfreedom.xml Feed imported sucessfully<br>
0
X-Powered-By: PHP/5.2.6
Content-type: text/html

/home/wizard/public_html/boatingfreedom.com/wp-content/themes/boatingfreedom/boatingfreedom.xml Feed imported sucessfully<br>
0
X-Powered-By: PHP/5.2.6
Content-type: text/html

/home/wizard/public_html/boatingfreedom.com/wp-content/themes/boatingfreedom/boatingfreedom.xml Feed imported sucessfully<br>
0
X-Powered-By: PHP/5.2.6
Content-type: text/html

/home/wizard/public_html/boatingfreedom.com/wp-content/themes/boatingfreedom/boatingfreedom.xml Feed imported sucessfully<br>
0
X-Powered-By: PHP/5.2.6
Content-type: text/html

/home/wizard/public_html/boatingfreedom.com/wp-content/themes/boatingfreedom/boatingfreedom.xml Feed imported sucessfully<br>
0
X-Powered-By: PHP/5.2.6
Content-type: text/html

/home/wizard/public_html/boatingfreedom.com/wp-content/themes/boatingfreedom/boatingfreedom.xml Feed imported sucessfully<br>
0
X-Powered-By: PHP/5.2.6
Content-type: text/html

/home/wizard/public_html/boatingfreedom.com/wp-content/themes/boatingfreedom/boatingfreedom.xml Feed imported sucessfully<br>
0
X-Powered-By: PHP/5.2.6
Content-type: text/html

/home/wizard/public_html/boatingfreedom.com/wp-content/themes/boatingfreedom/boatingfreedom.xml Feed imported sucessfully<br>
0
X-Powered-By: PHP/5.2.6
Content-type: text/html

/home/wizard/public_html/boatingfreedom.com/wp-content/themes/boatingfreedom/boatingfreedom.xml Feed imported sucessfully<br>
0
X-Powered-By: PHP/5.2.6
Content-type: text/html

/home/wizard/public_html/boatingfreedom.com/wp-content/themes/boatingfreedom/boatingfreedom.xml Feed imported sucessfully<br>
0
X-Powered-By: PHP/5.2.6
Content-type: text/html

/home/wizard/public_html/boatingfreedom.com/wp-content/themes/boatingfreedom/boatingfreedom.xml Feed imported sucessfully<br>
0
X-Powered-By: PHP/5.2.6
Content-type: text/html

/home/wizard/public_html/boatingfreedom.com/wp-content/themes/boatingfreedom/boatingfreedom.xml Feed imported sucessfully<br>
0
X-Powered-By: PHP/5.2.6
Content-type: text/html

/home/wizard/public_html/boatingfreedom.com/wp-content/themes/boatingfreedom/boatingfreedom.xml Feed imported sucessfully<br>
0
X-Powered-By: PHP/5.2.6
Content-type: text/html

/home/wizard/public_html/boatingfreedom.com/wp-content/themes/boatingfreedom/boatingfreedom.xml Feed imported sucessfully<br>
0
X-Powered-By: PHP/5.2.6
Content-type: text/html

/home/wizard/public_html/boatingfreedom.com/wp-content/themes/boatingfreedom/boatingfreedom.xml Feed imported sucessfully<br>
0
X-Powered-By: PHP/5.2.6
Content-type: text/html

/home/wizard/public_html/boatingfreedom.com/wp-content/themes/boatingfreedom/boatingfreedom.xml Feed imported sucessfully<br>
0
X-Powered-By: PHP/5.2.6
Content-type: text/html

/home/wizard/public_html/boatingfreedom.com/wp-content/themes/boatingfreedom/boatingfreedom.xml Feed imported sucessfully<br>
0
X-Powered-By: PHP/5.2.6
Content-type: text/html

/home/wizard/public_html/boatingfreedom.com/wp-content/themes/boatingfreedom/boatingfreedom.xml Feed imported sucessfully<br>
0
X-Powered-By: PHP/5.2.6
Content-type: text/html

/home/wizard/public_html/boatingfreedom.com/wp-content/themes/boatingfreedom/boatingfreedom.xml Feed imported sucessfully<br>
0
X-Powered-By: PHP/5.2.6
Content-type: text/html

/home/wizard/public_html/boatingfreedom.com/wp-content/themes/boatingfreedom/boatingfreedom.xml Feed imported sucessfully<br>
0
X-Powered-By: PHP/5.2.6
Content-type: text/html

/home/wizard/public_html/boatingfreedom.com/wp-content/themes/boatingfreedom/boatingfreedom.xml Feed imported sucessfully<br>
0
X-Powered-By: PHP/5.2.6
Content-type: text/html

/home/wizard/public_html/boatingfreedom.com/wp-content/themes/boatingfreedom/boatingfreedom.xml Feed imported sucessfully<br>
0
X-Powered-By: PHP/5.2.6
Content-type: text/html

/home/wizard/public_html/boatingfreedom.com/wp-content/themes/boatingfreedom/boatingfreedom.xml Feed imported sucessfully<br>
0
X-Powered-By: PHP/5.2.6
Content-type: text/html

/home/wizard/public_html/boatingfreedom.com/wp-content/themes/boatingfreedom/boatingfreedom.xml Feed imported sucessfully<br>
0
X-Powered-By: PHP/5.2.6
Content-type: text/html

/home/wizard/public_html/boatingfreedom.com/wp-content/themes/boatingfreedom/boatingfreedom.xml Feed imported sucessfully<br>
0
X-Powered-By: PHP/5.2.6
Content-type: text/html

/home/wizard/public_html/boatingfreedom.com/wp-content/themes/boatingfreedom/boatingfreedom.xml Feed imported sucessfully<br>
0
X-Powered-By: PHP/5.2.6
Content-type: text/html

/home/wizard/public_html/boatingfreedom.com/wp-content/themes/boatingfreedom/boatingfreedom.xml Feed imported sucessfully<br>
0
X-Powered-By: PHP/5.2.6
Content-type: text/html

/home/wizard/public_html/boatingfreedom.com/wp-content/themes/boatingfreedom/boatingfreedom.xml Feed imported sucessfully<br>
0
X-Powered-By: PHP/5.2.6
Content-type: text/html

/home/wizard/public_html/boatingfreedom.com/wp-content/themes/boatingfreedom/boatingfreedom.xml Feed imported sucessfully<br>
0
X-Powered-By: PHP/5.2.6
Content-type: text/html

/home/wizard/public_html/boatingfreedom.com/wp-content/themes/boatingfreedom/boatingfreedom.xml Feed imported sucessfully<br>
0
X-Powered-By: PHP/5.2.6
Content-type: text/html

/home/wizard/public_html/boatingfreedom.com/wp-content/themes/boatingfreedom/boatingfreedom.xml Feed imported sucessfully<br>
0
X-Powered-By: PHP/5.2.6
Content-type: text/html

/home/wizard/public_html/boatingfreedom.com/wp-content/themes/boatingfreedom/boatingfreedom.xml Feed imported sucessfully<br>
0
X-Powered-By: PHP/5.2.6
Content-type: text/html

/home/wizard/public_html/boatingfreedom.com/wp-content/themes/boatingfreedom/boatingfreedom.xml Feed imported sucessfully<br>
0
X-Powered-By: PHP/5.2.6
Content-type: text/html

/home/wizard/public_html/boatingfreedom.com/wp-content/themes/boatingfreedom/boatingfreedom.xml Feed imported sucessfully<br>
0
X-Powered-By: PHP/5.2.6
Content-type: text/html

/home/wizard/public_html/boatingfreedom.com/wp-content/themes/boatingfreedom/boatingfreedom.xml Feed imported sucessfully<br>
0
X-Powered-By: PHP/5.2.6
Content-type: text/html

/home/wizard/public_html/boatingfreedom.com/wp-content/themes/boatingfreedom/boatingfreedom.xml Feed imported sucessfully<br>
0
X-Powered-By: PHP/5.2.6
Content-type: text/html

/home/wizard/public_html/boatingfreedom.com/wp-content/themes/boatingfreedom/boatingfreedom.xml Feed imported sucessfully<br>
0
X-Powered-By: PHP/5.2.6
Content-type: text/html

/home/wizard/public_html/boatingfreedom.com/wp-content/themes/boatingfreedom/boatingfreedom.xml Feed imported sucessfully<br>
0
X-Powered-By: PHP/5.2.6
Content-type: text/html

/home/wizard/public_html/boatingfreedom.com/wp-content/themes/boatingfreedom/boatingfreedom.xml Feed imported sucessfully<br>
0
X-Powered-By: PHP/5.2.6
Content-type: text/html

/home/wizard/public_html/boatingfreedom.com/wp-content/themes/boatingfreedom/boatingfreedom.xml Feed imported sucessfully<br>
0
X-Powered-By: PHP/5.2.6
Content-type: text/html

/home/wizard/public_html/boatingfreedom.com/wp-content/themes/boatingfreedom/boatingfreedom.xml Feed imported sucessfully<br>
0
X-Powered-By: PHP/5.2.6
Content-type: text/html

/home/wizard/public_html/boatingfreedom.com/wp-content/themes/boatingfreedom/boatingfreedom.xml Feed imported sucessfully<br>
0
X-Powered-By: PHP/5.2.6
Content-type: text/html

/home/wizard/public_html/boatingfreedom.com/wp-content/themes/boatingfreedom/boatingfreedom.xml Feed imported sucessfully<br>
0
X-Powered-By: PHP/5.2.6
Content-type: text/html

/home/wizard/public_html/boatingfreedom.com/wp-content/themes/boatingfreedom/boatingfreedom.xml Feed imported sucessfully<br>
0
X-Powered-By: PHP/5.2.6
Content-type: text/html

/home/wizard/public_html/boatingfreedom.com/wp-content/themes/boatingfreedom/boatingfreedom.xml Feed imported sucessfully<br>
0
X-Powered-By: PHP/5.2.6
Content-type: text/html

/home/wizard/public_html/boatingfreedom.com/wp-content/themes/boatingfreedom/boatingfreedom.xml Feed imported sucessfully<br>
0
X-Powered-By: PHP/5.2.6
Content-type: text/html

/home/wizard/public_html/boatingfreedom.com/wp-content/themes/boatingfreedom/boatingfreedom.xml Feed imported sucessfully<br>
0
X-Powered-By: PHP/5.2.6
Content-type: text/html

/home/wizard/public_html/boatingfreedom.com/wp-content/themes/boatingfreedom/boatingfreedom.xml Feed imported sucessfully<br>
0
X-Powered-By: PHP/5.2.6
Content-type: text/html

/home/wizard/public_html/boatingfreedom.com/wp-content/themes/boatingfreedom/boatingfreedom.xml Feed imported sucessfully<br>
0
X-Powered-By: PHP/5.2.6
Content-type: text/html

/home/wizard/public_html/boatingfreedom.com/wp-content/themes/boatingfreedom/boatingfreedom.xml Feed imported sucessfully<br>
0
X-Powered-By: PHP/5.2.6
Content-type: text/html

/home/wizard/public_html/boatingfreedom.com/wp-content/themes/boatingfreedom/boatingfreedom.xml Feed imported sucessfully<br>
0
X-Powered-By: PHP/5.2.6
Content-type: text/html

/home/wizard/public_html/boatingfreedom.com/wp-content/themes/boatingfreedom/boatingfreedom.xml Feed imported sucessfully<br>
0
X-Powered-By: PHP/5.2.6
Content-type: text/html

/home/wizard/public_html/boatingfreedom.com/wp-content/themes/boatingfreedom/boatingfreedom.xml Feed imported sucessfully<br>
0
X-Powered-By: PHP/5.2.6
Content-type: text/html

/home/wizard/public_html/boatingfreedom.com/wp-content/themes/boatingfreedom/boatingfreedom.xml Feed imported sucessfully<br>
0
X-Powered-By: PHP/5.2.6
Content-type: text/html

/home/wizard/public_html/boatingfreedom.com/wp-content/themes/boatingfreedom/boatingfreedom.xml Feed imported sucessfully<br>
0
X-Powered-By: PHP/5.2.6
Content-type: text/html

/home/wizard/public_html/boatingfreedom.com/wp-content/themes/boatingfreedom/boatingfreedom.xml Feed imported sucessfully<br>
0
X-Powered-By: PHP/5.2.6
Content-type: text/html

/home/wizard/public_html/boatingfreedom.com/wp-content/themes/boatingfreedom/boatingfreedom.xml Feed imported sucessfully<br>
0
X-Powered-By: PHP/5.2.6
Content-type: text/html

/home/wizard/public_html/boatingfreedom.com/wp-content/themes/boatingfreedom/boatingfreedom.xml Feed imported sucessfully<br>
0
X-Powered-By: PHP/5.2.6
Content-type: text/html

/home/wizard/public_html/boatingfreedom.com/wp-content/themes/boatingfreedom/boatingfreedom.xml Feed imported sucessfully<br>
0
X-Powered-By: PHP/5.2.6
Content-type: text/html

/home/wizard/public_html/boatingfreedom.com/wp-content/themes/boatingfreedom/boatingfreedom.xml Feed imported sucessfully<br>
0
X-Powered-By: PHP/5.2.6
Content-type: text/html

/home/wizard/public_html/boatingfreedom.com/wp-content/themes/boatingfreedom/boatingfreedom.xml Feed imported sucessfully<br>
0
X-Powered-By: PHP/5.2.6
Content-type: text/html

/home/wizard/public_html/boatingfreedom.com/wp-content/themes/boatingfreedom/boatingfreedom.xml Feed imported sucessfully<br>
0
X-Powered-By: PHP/5.2.6
Content-type: text/html

/home/wizard/public_html/boatingfreedom.com/wp-content/themes/boatingfreedom/boatingfreedom.xml Feed imported sucessfully<br>
0
X-Powered-By: PHP/5.2.6
Content-type: text/html

/home/wizard/public_html/boatingfreedom.com/wp-content/themes/boatingfreedom/boatingfreedom.xml Feed imported sucessfully<br>
0
X-Powered-By: PHP/5.2.6
Content-type: text/html

/home/wizard/public_html/boatingfreedom.com/wp-content/themes/boatingfreedom/boatingfreedom.xml Feed imported sucessfully<br>
0
X-Powered-By: PHP/5.2.6
Content-type: text/html

/home/wizard/public_html/boatingfreedom.com/wp-content/themes/boatingfreedom/boatingfreedom.xml Feed imported sucessfully<br>
0
X-Powered-By: PHP/5.2.6
Content-type: text/html

/home/wizard/public_html/boatingfreedom.com/wp-content/themes/boatingfreedom/boatingfreedom.xml Feed imported sucessfully<br>
0
X-Powered-By: PHP/5.2.6
Content-type: text/html

/home/wizard/public_html/boatingfreedom.com/wp-content/themes/boatingfreedom/boatingfreedom.xml Feed imported sucessfully<br>
0
X-Powered-By: PHP/5.2.6
Content-type: text/html

/home/wizard/public_html/boatingfreedom.com/wp-content/themes/boatingfreedom/boatingfreedom.xml Feed imported sucessfully<br>
0
X-Powered-By: PHP/5.2.6
Content-type: text/html

/home/wizard/public_html/boatingfreedom.com/wp-content/themes/boatingfreedom/boatingfreedom.xml Feed imported sucessfully<br>
0
X-Powered-By: PHP/5.2.6
Content-type: text/html

/home/wizard/public_html/boatingfreedom.com/wp-content/themes/boatingfreedom/boatingfreedom.xml Feed imported sucessfully<br>
0
X-Powered-By: PHP/5.2.6
Content-type: text/html

/home/wizard/public_html/boatingfreedom.com/wp-content/themes/boatingfreedom/boatingfreedom.xml Feed imported sucessfully<br>
0
X-Powered-By: PHP/5.2.6
Content-type: text/html

/home/wizard/public_html/boatingfreedom.com/wp-content/themes/boatingfreedom/boatingfreedom.xml Feed imported sucessfully<br>
0
X-Powered-By: PHP/5.2.6
Content-type: text/html

/home/wizard/public_html/boatingfreedom.com/wp-content/themes/boatingfreedom/boatingfreedom.xml Feed imported sucessfully<br>
0
X-Powered-By: PHP/5.2.6
Content-type: text/html

/home/wizard/public_html/boatingfreedom.com/wp-content/themes/boatingfreedom/boatingfreedom.xml Feed imported sucessfully<br>
0
X-Powered-By: PHP/5.2.6
Content-type: text/html

/home/wizard/public_html/boatingfreedom.com/wp-content/themes/boatingfreedom/boatingfreedom.xml Feed imported sucessfully<br>
0
X-Powered-By: PHP/5.2.6
Content-type: text/html

<br />
<b>Warning</b>:  simplexml_load_file() [<a href='function.simplexml-load-file'>function.simplexml-load-file</a>]: /home/wizard/public_html/boatingfreedom.com/wp-content/themes/boatingfreedom/boatingfreedom.xml:55: parser error : Opening and ending tag mismatch: HR line 55 and body in <b>/home/wizard/public_html/boatingfreedom.com/wp-content/themes/boatingfreedom/classes/db.class.php</b> on line <b>124</b><br />
<br />
<b>Warning</b>:  simplexml_load_file() [<a href='function.simplexml-load-file'>function.simplexml-load-file</a>]: logs.&lt;/u&gt;&lt;/p&gt;&lt;HR size=&quot;1&quot; noshade=&quot;noshade&quot;&gt;&lt;h3&gt;Apache Tomcat/6.0.24&lt;/h3&gt;&lt;/body&gt; in <b>/home/wizard/public_html/boatingfreedom.com/wp-content/themes/boatingfreedom/classes/db.class.php</b> on line <b>124</b><br />
<br />
<b>Warning</b>:  simplexml_load_file() [<a href='function.simplexml-load-file'>function.simplexml-load-file</a>]:                                                                                ^ in <b>/home/wizard/public_html/boatingfreedom.com/wp-content/themes/boatingfreedom/classes/db.class.php</b> on line <b>124</b><br />
<br />
<b>Warning</b>:  simplexml_load_file() [<a href='function.simplexml-load-file'>function.simplexml-load-file</a>]: /home/wizard/public_html/boatingfreedom.com/wp-content/themes/boatingfreedom/boatingfreedom.xml:55: parser error : Opening and ending tag mismatch: HR line 1 and html in <b>/home/wizard/public_html/boatingfreedom.com/wp-content/themes/boatingfreedom/classes/db.class.php</b> on line <b>124</b><br />
<br />
<b>Warning</b>:  simplexml_load_file() [<a href='function.simplexml-load-file'>function.simplexml-load-file</a>]: u&gt;&lt;/p&gt;&lt;HR size=&quot;1&quot; noshade=&quot;noshade&quot;&gt;&lt;h3&gt;Apache Tomcat/6.0.24&lt;/h3&gt;&lt;/body&gt;&lt;/html&gt; in <b>/home/wizard/public_html/boatingfreedom.com/wp-content/themes/boatingfreedom/classes/db.class.php</b> on line <b>124</b><br />
<br />
<b>Warning</b>:  simplexml_load_file() [<a href='function.simplexml-load-file'>function.simplexml-load-file</a>]:                                                                                ^ in <b>/home/wizard/public_html/boatingfreedom.com/wp-content/themes/boatingfreedom/classes/db.class.php</b> on line <b>124</b><br />
<br />
<b>Warning</b>:  simplexml_load_file() [<a href='function.simplexml-load-file'>function.simplexml-load-file</a>]: /home/wizard/public_html/boatingfreedom.com/wp-content/themes/boatingfreedom/boatingfreedom.xml:55: parser error : Premature end of data in tag body line 1 in <b>/home/wizard/public_html/boatingfreedom.com/wp-content/themes/boatingfreedom/classes/db.class.php</b> on line <b>124</b><br />
<br />
<b>Warning</b>:  simplexml_load_file() [<a href='function.simplexml-load-file'>function.simplexml-load-file</a>]: u&gt;&lt;/p&gt;&lt;HR size=&quot;1&quot; noshade=&quot;noshade&quot;&gt;&lt;h3&gt;Apache Tomcat/6.0.24&lt;/h3&gt;&lt;/body&gt;&lt;/html&gt; in <b>/home/wizard/public_html/boatingfreedom.com/wp-content/themes/boatingfreedom/classes/db.class.php</b> on line <b>124</b><br />
<br />
<b>Warning</b>:  simplexml_load_file() [<a href='function.simplexml-load-file'>function.simplexml-load-file</a>]:                                                                                ^ in <b>/home/wizard/public_html/boatingfreedom.com/wp-content/themes/boatingfreedom/classes/db.class.php</b> on line <b>124</b><br />
<br />
<b>Warning</b>:  simplexml_load_file() [<a href='function.simplexml-load-file'>function.simplexml-load-file</a>]: /home/wizard/public_html/boatingfreedom.com/wp-content/themes/boatingfreedom/boatingfreedom.xml:55: parser error : Premature end of data in tag html line 1 in <b>/home/wizard/public_html/boatingfreedom.com/wp-content/themes/boatingfreedom/classes/db.class.php</b> on line <b>124</b><br />
<br />
<b>Warning</b>:  simplexml_load_file() [<a href='function.simplexml-load-file'>function.simplexml-load-file</a>]: u&gt;&lt;/p&gt;&lt;HR size=&quot;1&quot; noshade=&quot;noshade&quot;&gt;&lt;h3&gt;Apache Tomcat/6.0.24&lt;/h3&gt;&lt;/body&gt;&lt;/html&gt; in <b>/home/wizard/public_html/boatingfreedom.com/wp-content/themes/boatingfreedom/classes/db.class.php</b> on line <b>124</b><br />
<br />
<b>Warning</b>:  simplexml_load_file() [<a href='function.simplexml-load-file'>function.simplexml-load-file</a>]:                                                                                ^ in <b>/home/wizard/public_html/boatingfreedom.com/wp-content/themes/boatingfreedom/classes/db.class.php</b> on line <b>124</b><br />
Unable to load XML file!0
X-Powered-By: PHP/5.2.6
Content-type: text/html

<br />
<b>Warning</b>:  simplexml_load_file() [<a href='function.simplexml-load-file'>function.simplexml-load-file</a>]: /home/wizard/public_html/boatingfreedom.com/wp-content/themes/boatingfreedom/boatingfreedom.xml:55: parser error : Opening and ending tag mismatch: HR line 55 and body in <b>/home/wizard/public_html/boatingfreedom.com/wp-content/themes/boatingfreedom/classes/db.class.php</b> on line <b>124</b><br />
<br />
<b>Warning</b>:  simplexml_load_file() [<a href='function.simplexml-load-file'>function.simplexml-load-file</a>]: logs.&lt;/u&gt;&lt;/p&gt;&lt;HR size=&quot;1&quot; noshade=&quot;noshade&quot;&gt;&lt;h3&gt;Apache Tomcat/6.0.24&lt;/h3&gt;&lt;/body&gt; in <b>/home/wizard/public_html/boatingfreedom.com/wp-content/themes/boatingfreedom/classes/db.class.php</b> on line <b>124</b><br />
<br />
<b>Warning</b>:  simplexml_load_file() [<a href='function.simplexml-load-file'>function.simplexml-load-file</a>]:                                                                                ^ in <b>/home/wizard/public_html/boatingfreedom.com/wp-content/themes/boatingfreedom/classes/db.class.php</b> on line <b>124</b><br />
<br />
<b>Warning</b>:  simplexml_load_file() [<a href='function.simplexml-load-file'>function.simplexml-load-file</a>]: /home/wizard/public_html/boatingfreedom.com/wp-content/themes/boatingfreedom/boatingfreedom.xml:55: parser error : Opening and ending tag mismatch: HR line 1 and html in <b>/home/wizard/public_html/boatingfreedom.com/wp-content/themes/boatingfreedom/classes/db.class.php</b> on line <b>124</b><br />
<br />
<b>Warning</b>:  simplexml_load_file() [<a href='function.simplexml-load-file'>function.simplexml-load-file</a>]: u&gt;&lt;/p&gt;&lt;HR size=&quot;1&quot; noshade=&quot;noshade&quot;&gt;&lt;h3&gt;Apache Tomcat/6.0.24&lt;/h3&gt;&lt;/body&gt;&lt;/html&gt; in <b>/home/wizard/public_html/boatingfreedom.com/wp-content/themes/boatingfreedom/classes/db.class.php</b> on line <b>124</b><br />
<br />
<b>Warning</b>:  simplexml_load_file() [<a href='function.simplexml-load-file'>function.simplexml-load-file</a>]:                                                                                ^ in <b>/home/wizard/public_html/boatingfreedom.com/wp-content/themes/boatingfreedom/classes/db.class.php</b> on line <b>124</b><br />
<br />
<b>Warning</b>:  simplexml_load_file() [<a href='function.simplexml-load-file'>function.simplexml-load-file</a>]: /home/wizard/public_html/boatingfreedom.com/wp-content/themes/boatingfreedom/boatingfreedom.xml:55: parser error : Premature end of data in tag body line 1 in <b>/home/wizard/public_html/boatingfreedom.com/wp-content/themes/boatingfreedom/classes/db.class.php</b> on line <b>124</b><br />
<br />
<b>Warning</b>:  simplexml_load_file() [<a href='function.simplexml-load-file'>function.simplexml-load-file</a>]: u&gt;&lt;/p&gt;&lt;HR size=&quot;1&quot; noshade=&quot;noshade&quot;&gt;&lt;h3&gt;Apache Tomcat/6.0.24&lt;/h3&gt;&lt;/body&gt;&lt;/html&gt; in <b>/home/wizard/public_html/boatingfreedom.com/wp-content/themes/boatingfreedom/classes/db.class.php</b> on line <b>124</b><br />
<br />
<b>Warning</b>:  simplexml_load_file() [<a href='function.simplexml-load-file'>function.simplexml-load-file</a>]:                                                                                ^ in <b>/home/wizard/public_html/boatingfreedom.com/wp-content/themes/boatingfreedom/classes/db.class.php</b> on line <b>124</b><br />
<br />
<b>Warning</b>:  simplexml_load_file() [<a href='function.simplexml-load-file'>function.simplexml-load-file</a>]: /home/wizard/public_html/boatingfreedom.com/wp-content/themes/boatingfreedom/boatingfreedom.xml:55: parser error : Premature end of data in tag html line 1 in <b>/home/wizard/public_html/boatingfreedom.com/wp-content/themes/boatingfreedom/classes/db.class.php</b> on line <b>124</b><br />
<br />
<b>Warning</b>:  simplexml_load_file() [<a href='function.simplexml-load-file'>function.simplexml-load-file</a>]: u&gt;&lt;/p&gt;&lt;HR size=&quot;1&quot; noshade=&quot;noshade&quot;&gt;&lt;h3&gt;Apache Tomcat/6.0.24&lt;/h3&gt;&lt;/body&gt;&lt;/html&gt; in <b>/home/wizard/public_html/boatingfreedom.com/wp-content/themes/boatingfreedom/classes/db.class.php</b> on line <b>124</b><br />
<br />
<b>Warning</b>:  simplexml_load_file() [<a href='function.simplexml-load-file'>function.simplexml-load-file</a>]:                                                                                ^ in <b>/home/wizard/public_html/boatingfreedom.com/wp-content/themes/boatingfreedom/classes/db.class.php</b> on line <b>124</b><br />
Unable to load XML file!0
X-Powered-By: PHP/5.2.6
Content-type: text/html

<br />
<b>Warning</b>:  simplexml_load_file() [<a href='function.simplexml-load-file'>function.simplexml-load-file</a>]: /home/wizard/public_html/boatingfreedom.com/wp-content/themes/boatingfreedom/boatingfreedom.xml:55: parser error : Opening and ending tag mismatch: HR line 55 and body in <b>/home/wizard/public_html/boatingfreedom.com/wp-content/themes/boatingfreedom/classes/db.class.php</b> on line <b>124</b><br />
<br />
<b>Warning</b>:  simplexml_load_file() [<a href='function.simplexml-load-file'>function.simplexml-load-file</a>]: logs.&lt;/u&gt;&lt;/p&gt;&lt;HR size=&quot;1&quot; noshade=&quot;noshade&quot;&gt;&lt;h3&gt;Apache Tomcat/6.0.24&lt;/h3&gt;&lt;/body&gt; in <b>/home/wizard/public_html/boatingfreedom.com/wp-content/themes/boatingfreedom/classes/db.class.php</b> on line <b>124</b><br />
<br />
<b>Warning</b>:  simplexml_load_file() [<a href='function.simplexml-load-file'>function.simplexml-load-file</a>]:                                                                                ^ in <b>/home/wizard/public_html/boatingfreedom.com/wp-content/themes/boatingfreedom/classes/db.class.php</b> on line <b>124</b><br />
<br />
<b>Warning</b>:  simplexml_load_file() [<a href='function.simplexml-load-file'>function.simplexml-load-file</a>]: /home/wizard/public_html/boatingfreedom.com/wp-content/themes/boatingfreedom/boatingfreedom.xml:55: parser error : Opening and ending tag mismatch: HR line 1 and html in <b>/home/wizard/public_html/boatingfreedom.com/wp-content/themes/boatingfreedom/classes/db.class.php</b> on line <b>124</b><br />
<br />
<b>Warning</b>:  simplexml_load_file() [<a href='function.simplexml-load-file'>function.simplexml-load-file</a>]: u&gt;&lt;/p&gt;&lt;HR size=&quot;1&quot; noshade=&quot;noshade&quot;&gt;&lt;h3&gt;Apache Tomcat/6.0.24&lt;/h3&gt;&lt;/body&gt;&lt;/html&gt; in <b>/home/wizard/public_html/boatingfreedom.com/wp-content/themes/boatingfreedom/classes/db.class.php</b> on line <b>124</b><br />
<br />
<b>Warning</b>:  simplexml_load_file() [<a href='function.simplexml-load-file'>function.simplexml-load-file</a>]:                                                                                ^ in <b>/home/wizard/public_html/boatingfreedom.com/wp-content/themes/boatingfreedom/classes/db.class.php</b> on line <b>124</b><br />
<br />
<b>Warning</b>:  simplexml_load_file() [<a href='function.simplexml-load-file'>function.simplexml-load-file</a>]: /home/wizard/public_html/boatingfreedom.com/wp-content/themes/boatingfreedom/boatingfreedom.xml:55: parser error : Premature end of data in tag body line 1 in <b>/home/wizard/public_html/boatingfreedom.com/wp-content/themes/boatingfreedom/classes/db.class.php</b> on line <b>124</b><br />
<br />
<b>Warning</b>:  simplexml_load_file() [<a href='function.simplexml-load-file'>function.simplexml-load-file</a>]: u&gt;&lt;/p&gt;&lt;HR size=&quot;1&quot; noshade=&quot;noshade&quot;&gt;&lt;h3&gt;Apache Tomcat/6.0.24&lt;/h3&gt;&lt;/body&gt;&lt;/html&gt; in <b>/home/wizard/public_html/boatingfreedom.com/wp-content/themes/boatingfreedom/classes/db.class.php</b> on line <b>124</b><br />
<br />
<b>Warning</b>:  simplexml_load_file() [<a href='function.simplexml-load-file'>function.simplexml-load-file</a>]:                                                                                ^ in <b>/home/wizard/public_html/boatingfreedom.com/wp-content/themes/boatingfreedom/classes/db.class.php</b> on line <b>124</b><br />
<br />
<b>Warning</b>:  simplexml_load_file() [<a href='function.simplexml-load-file'>function.simplexml-load-file</a>]: /home/wizard/public_html/boatingfreedom.com/wp-content/themes/boatingfreedom/boatingfreedom.xml:55: parser error : Premature end of data in tag html line 1 in <b>/home/wizard/public_html/boatingfreedom.com/wp-content/themes/boatingfreedom/classes/db.class.php</b> on line <b>124</b><br />
<br />
<b>Warning</b>:  simplexml_load_file() [<a href='function.simplexml-load-file'>function.simplexml-load-file</a>]: u&gt;&lt;/p&gt;&lt;HR size=&quot;1&quot; noshade=&quot;noshade&quot;&gt;&lt;h3&gt;Apache Tomcat/6.0.24&lt;/h3&gt;&lt;/body&gt;&lt;/html&gt; in <b>/home/wizard/public_html/boatingfreedom.com/wp-content/themes/boatingfreedom/classes/db.class.php</b> on line <b>124</b><br />
<br />
<b>Warning</b>:  simplexml_load_file() [<a href='function.simplexml-load-file'>function.simplexml-load-file</a>]:                                                                                ^ in <b>/home/wizard/public_html/boatingfreedom.com/wp-content/themes/boatingfreedom/classes/db.class.php</b> on line <b>124</b><br />
Unable to load XML file!0
X-Powered-By: PHP/5.2.6
Content-type: text/html

/home/wizard/public_html/boatingfreedom.com/wp-content/themes/boatingfreedom/boatingfreedom.xml Feed imported sucessfully<br>
0
X-Powered-By: PHP/5.2.6
Content-type: text/html

/home/wizard/public_html/boatingfreedom.com/wp-content/themes/boatingfreedom/boatingfreedom.xml Feed imported sucessfully<br>
0
X-Powered-By: PHP/5.2.6
Content-type: text/html

/home/wizard/public_html/boatingfreedom.com/wp-content/themes/boatingfreedom/boatingfreedom.xml Feed imported sucessfully<br>
0
X-Powered-By: PHP/5.2.6
Content-type: text/html

<br />
<b>Warning</b>:  simplexml_load_file() [<a href='function.simplexml-load-file'>function.simplexml-load-file</a>]: /home/wizard/public_html/boatingfreedom.com/wp-content/themes/boatingfreedom/boatingfreedom.xml:55: parser error : Opening and ending tag mismatch: HR line 55 and body in <b>/home/wizard/public_html/boatingfreedom.com/wp-content/themes/boatingfreedom/classes/db.class.php</b> on line <b>124</b><br />
<br />
<b>Warning</b>:  simplexml_load_file() [<a href='function.simplexml-load-file'>function.simplexml-load-file</a>]: logs.&lt;/u&gt;&lt;/p&gt;&lt;HR size=&quot;1&quot; noshade=&quot;noshade&quot;&gt;&lt;h3&gt;Apache Tomcat/6.0.24&lt;/h3&gt;&lt;/body&gt; in <b>/home/wizard/public_html/boatingfreedom.com/wp-content/themes/boatingfreedom/classes/db.class.php</b> on line <b>124</b><br />
<br />
<b>Warning</b>:  simplexml_load_file() [<a href='function.simplexml-load-file'>function.simplexml-load-file</a>]:                                                                                ^ in <b>/home/wizard/public_html/boatingfreedom.com/wp-content/themes/boatingfreedom/classes/db.class.php</b> on line <b>124</b><br />
<br />
<b>Warning</b>:  simplexml_load_file() [<a href='function.simplexml-load-file'>function.simplexml-load-file</a>]: /home/wizard/public_html/boatingfreedom.com/wp-content/themes/boatingfreedom/boatingfreedom.xml:55: parser error : Opening and ending tag mismatch: HR line 1 and html in <b>/home/wizard/public_html/boatingfreedom.com/wp-content/themes/boatingfreedom/classes/db.class.php</b> on line <b>124</b><br />
<br />
<b>Warning</b>:  simplexml_load_file() [<a href='function.simplexml-load-file'>function.simplexml-load-file</a>]: u&gt;&lt;/p&gt;&lt;HR size=&quot;1&quot; noshade=&quot;noshade&quot;&gt;&lt;h3&gt;Apache Tomcat/6.0.24&lt;/h3&gt;&lt;/body&gt;&lt;/html&gt; in <b>/home/wizard/public_html/boatingfreedom.com/wp-content/themes/boatingfreedom/classes/db.class.php</b> on line <b>124</b><br />
<br />
<b>Warning</b>:  simplexml_load_file() [<a href='function.simplexml-load-file'>function.simplexml-load-file</a>]:                                                                                ^ in <b>/home/wizard/public_html/boatingfreedom.com/wp-content/themes/boatingfreedom/classes/db.class.php</b> on line <b>124</b><br />
<br />
<b>Warning</b>:  simplexml_load_file() [<a href='function.simplexml-load-file'>function.simplexml-load-file</a>]: /home/wizard/public_html/boatingfreedom.com/wp-content/themes/boatingfreedom/boatingfreedom.xml:55: parser error : Premature end of data in tag body line 1 in <b>/home/wizard/public_html/boatingfreedom.com/wp-content/themes/boatingfreedom/classes/db.class.php</b> on line <b>124</b><br />
<br />
<b>Warning</b>:  simplexml_load_file() [<a href='function.simplexml-load-file'>function.simplexml-load-file</a>]: u&gt;&lt;/p&gt;&lt;HR size=&quot;1&quot; noshade=&quot;noshade&quot;&gt;&lt;h3&gt;Apache Tomcat/6.0.24&lt;/h3&gt;&lt;/body&gt;&lt;/html&gt; in <b>/home/wizard/public_html/boatingfreedom.com/wp-content/themes/boatingfreedom/classes/db.class.php</b> on line <b>124</b><br />
<br />
<b>Warning</b>:  simplexml_load_file() [<a href='function.simplexml-load-file'>function.simplexml-load-file</a>]:                                                                                ^ in <b>/home/wizard/public_html/boatingfreedom.com/wp-content/themes/boatingfreedom/classes/db.class.php</b> on line <b>124</b><br />
<br />
<b>Warning</b>:  simplexml_load_file() [<a href='function.simplexml-load-file'>function.simplexml-load-file</a>]: /home/wizard/public_html/boatingfreedom.com/wp-content/themes/boatingfreedom/boatingfreedom.xml:55: parser error : Premature end of data in tag html line 1 in <b>/home/wizard/public_html/boatingfreedom.com/wp-content/themes/boatingfreedom/classes/db.class.php</b> on line <b>124</b><br />
<br />
<b>Warning</b>:  simplexml_load_file() [<a href='function.simplexml-load-file'>function.simplexml-load-file</a>]: u&gt;&lt;/p&gt;&lt;HR size=&quot;1&quot; noshade=&quot;noshade&quot;&gt;&lt;h3&gt;Apache Tomcat/6.0.24&lt;/h3&gt;&lt;/body&gt;&lt;/html&gt; in <b>/home/wizard/public_html/boatingfreedom.com/wp-content/themes/boatingfreedom/classes/db.class.php</b> on line <b>124</b><br />
<br />
<b>Warning</b>:  simplexml_load_file() [<a href='function.simplexml-load-file'>function.simplexml-load-file</a>]:                                                                                ^ in <b>/home/wizard/public_html/boatingfreedom.com/wp-content/themes/boatingfreedom/classes/db.class.php</b> on line <b>124</b><br />
Unable to load XML file!0
X-Powered-By: PHP/5.2.6
Content-type: text/html

<br />
<b>Warning</b>:  simplexml_load_file() [<a href='function.simplexml-load-file'>function.simplexml-load-file</a>]: /home/wizard/public_html/boatingfreedom.com/wp-content/themes/boatingfreedom/boatingfreedom.xml:55: parser error : Opening and ending tag mismatch: HR line 55 and body in <b>/home/wizard/public_html/boatingfreedom.com/wp-content/themes/boatingfreedom/classes/db.class.php</b> on line <b>124</b><br />
<br />
<b>Warning</b>:  simplexml_load_file() [<a href='function.simplexml-load-file'>function.simplexml-load-file</a>]: logs.&lt;/u&gt;&lt;/p&gt;&lt;HR size=&quot;1&quot; noshade=&quot;noshade&quot;&gt;&lt;h3&gt;Apache Tomcat/6.0.24&lt;/h3&gt;&lt;/body&gt; in <b>/home/wizard/public_html/boatingfreedom.com/wp-content/themes/boatingfreedom/classes/db.class.php</b> on line <b>124</b><br />
<br />
<b>Warning</b>:  simplexml_load_file() [<a href='function.simplexml-load-file'>function.simplexml-load-file</a>]:                                                                                ^ in <b>/home/wizard/public_html/boatingfreedom.com/wp-content/themes/boatingfreedom/classes/db.class.php</b> on line <b>124</b><br />
<br />
<b>Warning</b>:  simplexml_load_file() [<a href='function.simplexml-load-file'>function.simplexml-load-file</a>]: /home/wizard/public_html/boatingfreedom.com/wp-content/themes/boatingfreedom/boatingfreedom.xml:55: parser error : Opening and ending tag mismatch: HR line 1 and html in <b>/home/wizard/public_html/boatingfreedom.com/wp-content/themes/boatingfreedom/classes/db.class.php</b> on line <b>124</b><br />
<br />
<b>Warning</b>:  simplexml_load_file() [<a href='function.simplexml-load-file'>function.simplexml-load-file</a>]: u&gt;&lt;/p&gt;&lt;HR size=&quot;1&quot; noshade=&quot;noshade&quot;&gt;&lt;h3&gt;Apache Tomcat/6.0.24&lt;/h3&gt;&lt;/body&gt;&lt;/html&gt; in <b>/home/wizard/public_html/boatingfreedom.com/wp-content/themes/boatingfreedom/classes/db.class.php</b> on line <b>124</b><br />
<br />
<b>Warning</b>:  simplexml_load_file() [<a href='function.simplexml-load-file'>function.simplexml-load-file</a>]:                                                                                ^ in <b>/home/wizard/public_html/boatingfreedom.com/wp-content/themes/boatingfreedom/classes/db.class.php</b> on line <b>124</b><br />
<br />
<b>Warning</b>:  simplexml_load_file() [<a href='function.simplexml-load-file'>function.simplexml-load-file</a>]: /home/wizard/public_html/boatingfreedom.com/wp-content/themes/boatingfreedom/boatingfreedom.xml:55: parser error : Premature end of data in tag body line 1 in <b>/home/wizard/public_html/boatingfreedom.com/wp-content/themes/boatingfreedom/classes/db.class.php</b> on line <b>124</b><br />
<br />
<b>Warning</b>:  simplexml_load_file() [<a href='function.simplexml-load-file'>function.simplexml-load-file</a>]: u&gt;&lt;/p&gt;&lt;HR size=&quot;1&quot; noshade=&quot;noshade&quot;&gt;&lt;h3&gt;Apache Tomcat/6.0.24&lt;/h3&gt;&lt;/body&gt;&lt;/html&gt; in <b>/home/wizard/public_html/boatingfreedom.com/wp-content/themes/boatingfreedom/classes/db.class.php</b> on line <b>124</b><br />
<br />
<b>Warning</b>:  simplexml_load_file() [<a href='function.simplexml-load-file'>function.simplexml-load-file</a>]:                                                                                ^ in <b>/home/wizard/public_html/boatingfreedom.com/wp-content/themes/boatingfreedom/classes/db.class.php</b> on line <b>124</b><br />
<br />
<b>Warning</b>:  simplexml_load_file() [<a href='function.simplexml-load-file'>function.simplexml-load-file</a>]: /home/wizard/public_html/boatingfreedom.com/wp-content/themes/boatingfreedom/boatingfreedom.xml:55: parser error : Premature end of data in tag html line 1 in <b>/home/wizard/public_html/boatingfreedom.com/wp-content/themes/boatingfreedom/classes/db.class.php</b> on line <b>124</b><br />
<br />
<b>Warning</b>:  simplexml_load_file() [<a href='function.simplexml-load-file'>function.simplexml-load-file</a>]: u&gt;&lt;/p&gt;&lt;HR size=&quot;1&quot; noshade=&quot;noshade&quot;&gt;&lt;h3&gt;Apache Tomcat/6.0.24&lt;/h3&gt;&lt;/body&gt;&lt;/html&gt; in <b>/home/wizard/public_html/boatingfreedom.com/wp-content/themes/boatingfreedom/classes/db.class.php</b> on line <b>124</b><br />
<br />
<b>Warning</b>:  simplexml_load_file() [<a href='function.simplexml-load-file'>function.simplexml-load-file</a>]:                                                                                ^ in <b>/home/wizard/public_html/boatingfreedom.com/wp-content/themes/boatingfreedom/classes/db.class.php</b> on line <b>124</b><br />
Unable to load XML file!0
X-Powered-By: PHP/5.2.6
Content-type: text/html

/home/wizard/public_html/boatingfreedom.com/wp-content/themes/boatingfreedom/boatingfreedom.xml Feed imported sucessfully<br>
0
X-Powered-By: PHP/5.2.6
Content-type: text/html

/home/wizard/public_html/boatingfreedom.com/wp-content/themes/boatingfreedom/boatingfreedom.xml Feed imported sucessfully<br>
0
X-Powered-By: PHP/5.2.6
Content-type: text/html

<br />
<b>Warning</b>:  simplexml_load_file() [<a href='function.simplexml-load-file'>function.simplexml-load-file</a>]: /home/wizard/public_html/boatingfreedom.com/wp-content/themes/boatingfreedom/boatingfreedom.xml:55: parser error : Opening and ending tag mismatch: HR line 55 and body in <b>/home/wizard/public_html/boatingfreedom.com/wp-content/themes/boatingfreedom/classes/db.class.php</b> on line <b>124</b><br />
<br />
<b>Warning</b>:  simplexml_load_file() [<a href='function.simplexml-load-file'>function.simplexml-load-file</a>]: logs.&lt;/u&gt;&lt;/p&gt;&lt;HR size=&quot;1&quot; noshade=&quot;noshade&quot;&gt;&lt;h3&gt;Apache Tomcat/6.0.24&lt;/h3&gt;&lt;/body&gt; in <b>/home/wizard/public_html/boatingfreedom.com/wp-content/themes/boatingfreedom/classes/db.class.php</b> on line <b>124</b><br />
<br />
<b>Warning</b>:  simplexml_load_file() [<a href='function.simplexml-load-file'>function.simplexml-load-file</a>]:                                                                                ^ in <b>/home/wizard/public_html/boatingfreedom.com/wp-content/themes/boatingfreedom/classes/db.class.php</b> on line <b>124</b><br />
<br />
<b>Warning</b>:  simplexml_load_file() [<a href='function.simplexml-load-file'>function.simplexml-load-file</a>]: /home/wizard/public_html/boatingfreedom.com/wp-content/themes/boatingfreedom/boatingfreedom.xml:55: parser error : Opening and ending tag mismatch: HR line 1 and html in <b>/home/wizard/public_html/boatingfreedom.com/wp-content/themes/boatingfreedom/classes/db.class.php</b> on line <b>124</b><br />
<br />
<b>Warning</b>:  simplexml_load_file() [<a href='function.simplexml-load-file'>function.simplexml-load-file</a>]: u&gt;&lt;/p&gt;&lt;HR size=&quot;1&quot; noshade=&quot;noshade&quot;&gt;&lt;h3&gt;Apache Tomcat/6.0.24&lt;/h3&gt;&lt;/body&gt;&lt;/html&gt; in <b>/home/wizard/public_html/boatingfreedom.com/wp-content/themes/boatingfreedom/classes/db.class.php</b> on line <b>124</b><br />
<br />
<b>Warning</b>:  simplexml_load_file() [<a href='function.simplexml-load-file'>function.simplexml-load-file</a>]:                                                                                ^ in <b>/home/wizard/public_html/boatingfreedom.com/wp-content/themes/boatingfreedom/classes/db.class.php</b> on line <b>124</b><br />
<br />
<b>Warning</b>:  simplexml_load_file() [<a href='function.simplexml-load-file'>function.simplexml-load-file</a>]: /home/wizard/public_html/boatingfreedom.com/wp-content/themes/boatingfreedom/boatingfreedom.xml:55: parser error : Premature end of data in tag body line 1 in <b>/home/wizard/public_html/boatingfreedom.com/wp-content/themes/boatingfreedom/classes/db.class.php</b> on line <b>124</b><br />
<br />
<b>Warning</b>:  simplexml_load_file() [<a href='function.simplexml-load-file'>function.simplexml-load-file</a>]: u&gt;&lt;/p&gt;&lt;HR size=&quot;1&quot; noshade=&quot;noshade&quot;&gt;&lt;h3&gt;Apache Tomcat/6.0.24&lt;/h3&gt;&lt;/body&gt;&lt;/html&gt; in <b>/home/wizard/public_html/boatingfreedom.com/wp-content/themes/boatingfreedom/classes/db.class.php</b> on line <b>124</b><br />
<br />
<b>Warning</b>:  simplexml_load_file() [<a href='function.simplexml-load-file'>function.simplexml-load-file</a>]:                                                                                ^ in <b>/home/wizard/public_html/boatingfreedom.com/wp-content/themes/boatingfreedom/classes/db.class.php</b> on line <b>124</b><br />
<br />
<b>Warning</b>:  simplexml_load_file() [<a href='function.simplexml-load-file'>function.simplexml-load-file</a>]: /home/wizard/public_html/boatingfreedom.com/wp-content/themes/boatingfreedom/boatingfreedom.xml:55: parser error : Premature end of data in tag html line 1 in <b>/home/wizard/public_html/boatingfreedom.com/wp-content/themes/boatingfreedom/classes/db.class.php</b> on line <b>124</b><br />
<br />
<b>Warning</b>:  simplexml_load_file() [<a href='function.simplexml-load-file'>function.simplexml-load-file</a>]: u&gt;&lt;/p&gt;&lt;HR size=&quot;1&quot; noshade=&quot;noshade&quot;&gt;&lt;h3&gt;Apache Tomcat/6.0.24&lt;/h3&gt;&lt;/body&gt;&lt;/html&gt; in <b>/home/wizard/public_html/boatingfreedom.com/wp-content/themes/boatingfreedom/classes/db.class.php</b> on line <b>124</b><br />
<br />
<b>Warning</b>:  simplexml_load_file() [<a href='function.simplexml-load-file'>function.simplexml-load-file</a>]:                                                                                ^ in <b>/home/wizard/public_html/boatingfreedom.com/wp-content/themes/boatingfreedom/classes/db.class.php</b> on line <b>124</b><br />
Unable to load XML file!0
X-Powered-By: PHP/5.2.6
Content-type: text/html

/home/wizard/public_html/boatingfreedom.com/wp-content/themes/boatingfreedom/boatingfreedom.xml Feed imported sucessfully<br>
0
X-Powered-By: PHP/5.2.6
Content-type: text/html

/home/wizard/public_html/boatingfreedom.com/wp-content/themes/boatingfreedom/boatingfreedom.xml Feed imported sucessfully<br>
0
X-Powered-By: PHP/5.2.6
Content-type: text/html

<br />
<b>Warning</b>:  simplexml_load_file() [<a href='function.simplexml-load-file'>function.simplexml-load-file</a>]: /home/wizard/public_html/boatingfreedom.com/wp-content/themes/boatingfreedom/boatingfreedom.xml:55: parser error : Opening and ending tag mismatch: HR line 55 and body in <b>/home/wizard/public_html/boatingfreedom.com/wp-content/themes/boatingfreedom/classes/db.class.php</b> on line <b>124</b><br />
<br />
<b>Warning</b>:  simplexml_load_file() [<a href='function.simplexml-load-file'>function.simplexml-load-file</a>]: logs.&lt;/u&gt;&lt;/p&gt;&lt;HR size=&quot;1&quot; noshade=&quot;noshade&quot;&gt;&lt;h3&gt;Apache Tomcat/6.0.24&lt;/h3&gt;&lt;/body&gt; in <b>/home/wizard/public_html/boatingfreedom.com/wp-content/themes/boatingfreedom/classes/db.class.php</b> on line <b>124</b><br />
<br />
<b>Warning</b>:  simplexml_load_file() [<a href='function.simplexml-load-file'>function.simplexml-load-file</a>]:                                                                                ^ in <b>/home/wizard/public_html/boatingfreedom.com/wp-content/themes/boatingfreedom/classes/db.class.php</b> on line <b>124</b><br />
<br />
<b>Warning</b>:  simplexml_load_file() [<a href='function.simplexml-load-file'>function.simplexml-load-file</a>]: /home/wizard/public_html/boatingfreedom.com/wp-content/themes/boatingfreedom/boatingfreedom.xml:55: parser error : Opening and ending tag mismatch: HR line 1 and html in <b>/home/wizard/public_html/boatingfreedom.com/wp-content/themes/boatingfreedom/classes/db.class.php</b> on line <b>124</b><br />
<br />
<b>Warning</b>:  simplexml_load_file() [<a href='function.simplexml-load-file'>function.simplexml-load-file</a>]: u&gt;&lt;/p&gt;&lt;HR size=&quot;1&quot; noshade=&quot;noshade&quot;&gt;&lt;h3&gt;Apache Tomcat/6.0.24&lt;/h3&gt;&lt;/body&gt;&lt;/html&gt; in <b>/home/wizard/public_html/boatingfreedom.com/wp-content/themes/boatingfreedom/classes/db.class.php</b> on line <b>124</b><br />
<br />
<b>Warning</b>:  simplexml_load_file() [<a href='function.simplexml-load-file'>function.simplexml-load-file</a>]:                                                                                ^ in <b>/home/wizard/public_html/boatingfreedom.com/wp-content/themes/boatingfreedom/classes/db.class.php</b> on line <b>124</b><br />
<br />
<b>Warning</b>:  simplexml_load_file() [<a href='function.simplexml-load-file'>function.simplexml-load-file</a>]: /home/wizard/public_html/boatingfreedom.com/wp-content/themes/boatingfreedom/boatingfreedom.xml:55: parser error : Premature end of data in tag body line 1 in <b>/home/wizard/public_html/boatingfreedom.com/wp-content/themes/boatingfreedom/classes/db.class.php</b> on line <b>124</b><br />
<br />
<b>Warning</b>:  simplexml_load_file() [<a href='function.simplexml-load-file'>function.simplexml-load-file</a>]: u&gt;&lt;/p&gt;&lt;HR size=&quot;1&quot; noshade=&quot;noshade&quot;&gt;&lt;h3&gt;Apache Tomcat/6.0.24&lt;/h3&gt;&lt;/body&gt;&lt;/html&gt; in <b>/home/wizard/public_html/boatingfreedom.com/wp-content/themes/boatingfreedom/classes/db.class.php</b> on line <b>124</b><br />
<br />
<b>Warning</b>:  simplexml_load_file() [<a href='function.simplexml-load-file'>function.simplexml-load-file</a>]:                                                                                ^ in <b>/home/wizard/public_html/boatingfreedom.com/wp-content/themes/boatingfreedom/classes/db.class.php</b> on line <b>124</b><br />
<br />
<b>Warning</b>:  simplexml_load_file() [<a href='function.simplexml-load-file'>function.simplexml-load-file</a>]: /home/wizard/public_html/boatingfreedom.com/wp-content/themes/boatingfreedom/boatingfreedom.xml:55: parser error : Premature end of data in tag html line 1 in <b>/home/wizard/public_html/boatingfreedom.com/wp-content/themes/boatingfreedom/classes/db.class.php</b> on line <b>124</b><br />
<br />
<b>Warning</b>:  simplexml_load_file() [<a href='function.simplexml-load-file'>function.simplexml-load-file</a>]: u&gt;&lt;/p&gt;&lt;HR size=&quot;1&quot; noshade=&quot;noshade&quot;&gt;&lt;h3&gt;Apache Tomcat/6.0.24&lt;/h3&gt;&lt;/body&gt;&lt;/html&gt; in <b>/home/wizard/public_html/boatingfreedom.com/wp-content/themes/boatingfreedom/classes/db.class.php</b> on line <b>124</b><br />
<br />
<b>Warning</b>:  simplexml_load_file() [<a href='function.simplexml-load-file'>function.simplexml-load-file</a>]:                                                                                ^ in <b>/home/wizard/public_html/boatingfreedom.com/wp-content/themes/boatingfreedom/classes/db.class.php</b> on line <b>124</b><br />
Unable to load XML file!0
X-Powered-By: PHP/5.2.6
Content-type: text/html

<br />
<b>Warning</b>:  simplexml_load_file() [<a href='function.simplexml-load-file'>function.simplexml-load-file</a>]: /home/wizard/public_html/boatingfreedom.com/wp-content/themes/boatingfreedom/boatingfreedom.xml:55: parser error : Opening and ending tag mismatch: HR line 55 and body in <b>/home/wizard/public_html/boatingfreedom.com/wp-content/themes/boatingfreedom/classes/db.class.php</b> on line <b>124</b><br />
<br />
<b>Warning</b>:  simplexml_load_file() [<a href='function.simplexml-load-file'>function.simplexml-load-file</a>]: logs.&lt;/u&gt;&lt;/p&gt;&lt;HR size=&quot;1&quot; noshade=&quot;noshade&quot;&gt;&lt;h3&gt;Apache Tomcat/6.0.24&lt;/h3&gt;&lt;/body&gt; in <b>/home/wizard/public_html/boatingfreedom.com/wp-content/themes/boatingfreedom/classes/db.class.php</b> on line <b>124</b><br />
<br />
<b>Warning</b>:  simplexml_load_file() [<a href='function.simplexml-load-file'>function.simplexml-load-file</a>]:                                                                                ^ in <b>/home/wizard/public_html/boatingfreedom.com/wp-content/themes/boatingfreedom/classes/db.class.php</b> on line <b>124</b><br />
<br />
<b>Warning</b>:  simplexml_load_file() [<a href='function.simplexml-load-file'>function.simplexml-load-file</a>]: /home/wizard/public_html/boatingfreedom.com/wp-content/themes/boatingfreedom/boatingfreedom.xml:55: parser error : Opening and ending tag mismatch: HR line 1 and html in <b>/home/wizard/public_html/boatingfreedom.com/wp-content/themes/boatingfreedom/classes/db.class.php</b> on line <b>124</b><br />
<br />
<b>Warning</b>:  simplexml_load_file() [<a href='function.simplexml-load-file'>function.simplexml-load-file</a>]: u&gt;&lt;/p&gt;&lt;HR size=&quot;1&quot; noshade=&quot;noshade&quot;&gt;&lt;h3&gt;Apache Tomcat/6.0.24&lt;/h3&gt;&lt;/body&gt;&lt;/html&gt; in <b>/home/wizard/public_html/boatingfreedom.com/wp-content/themes/boatingfreedom/classes/db.class.php</b> on line <b>124</b><br />
<br />
<b>Warning</b>:  simplexml_load_file() [<a href='function.simplexml-load-file'>function.simplexml-load-file</a>]:                                                                                ^ in <b>/home/wizard/public_html/boatingfreedom.com/wp-content/themes/boatingfreedom/classes/db.class.php</b> on line <b>124</b><br />
<br />
<b>Warning</b>:  simplexml_load_file() [<a href='function.simplexml-load-file'>function.simplexml-load-file</a>]: /home/wizard/public_html/boatingfreedom.com/wp-content/themes/boatingfreedom/boatingfreedom.xml:55: parser error : Premature end of data in tag body line 1 in <b>/home/wizard/public_html/boatingfreedom.com/wp-content/themes/boatingfreedom/classes/db.class.php</b> on line <b>124</b><br />
<br />
<b>Warning</b>:  simplexml_load_file() [<a href='function.simplexml-load-file'>function.simplexml-load-file</a>]: u&gt;&lt;/p&gt;&lt;HR size=&quot;1&quot; noshade=&quot;noshade&quot;&gt;&lt;h3&gt;Apache Tomcat/6.0.24&lt;/h3&gt;&lt;/body&gt;&lt;/html&gt; in <b>/home/wizard/public_html/boatingfreedom.com/wp-content/themes/boatingfreedom/classes/db.class.php</b> on line <b>124</b><br />
<br />
<b>Warning</b>:  simplexml_load_file() [<a href='function.simplexml-load-file'>function.simplexml-load-file</a>]:                                                                                ^ in <b>/home/wizard/public_html/boatingfreedom.com/wp-content/themes/boatingfreedom/classes/db.class.php</b> on line <b>124</b><br />
<br />
<b>Warning</b>:  simplexml_load_file() [<a href='function.simplexml-load-file'>function.simplexml-load-file</a>]: /home/wizard/public_html/boatingfreedom.com/wp-content/themes/boatingfreedom/boatingfreedom.xml:55: parser error : Premature end of data in tag html line 1 in <b>/home/wizard/public_html/boatingfreedom.com/wp-content/themes/boatingfreedom/classes/db.class.php</b> on line <b>124</b><br />
<br />
<b>Warning</b>:  simplexml_load_file() [<a href='function.simplexml-load-file'>function.simplexml-load-file</a>]: u&gt;&lt;/p&gt;&lt;HR size=&quot;1&quot; noshade=&quot;noshade&quot;&gt;&lt;h3&gt;Apache Tomcat/6.0.24&lt;/h3&gt;&lt;/body&gt;&lt;/html&gt; in <b>/home/wizard/public_html/boatingfreedom.com/wp-content/themes/boatingfreedom/classes/db.class.php</b> on line <b>124</b><br />
<br />
<b>Warning</b>:  simplexml_load_file() [<a href='function.simplexml-load-file'>function.simplexml-load-file</a>]:                                                                                ^ in <b>/home/wizard/public_html/boatingfreedom.com/wp-content/themes/boatingfreedom/classes/db.class.php</b> on line <b>124</b><br />
Unable to load XML file!0
X-Powered-By: PHP/5.2.6
Content-type: text/html

/home/wizard/public_html/boatingfreedom.com/wp-content/themes/boatingfreedom/boatingfreedom.xml Feed imported sucessfully<br>
0
X-Powered-By: PHP/5.2.6
Content-type: text/html

/home/wizard/public_html/boatingfreedom.com/wp-content/themes/boatingfreedom/boatingfreedom.xml Feed imported sucessfully<br>
0
X-Powered-By: PHP/5.2.6
Content-type: text/html

<br />
<b>Warning</b>:  simplexml_load_file() [<a href='function.simplexml-load-file'>function.simplexml-load-file</a>]: /home/wizard/public_html/boatingfreedom.com/wp-content/themes/boatingfreedom/boatingfreedom.xml:55: parser error : Opening and ending tag mismatch: HR line 55 and body in <b>/home/wizard/public_html/boatingfreedom.com/wp-content/themes/boatingfreedom/classes/db.class.php</b> on line <b>124</b><br />
<br />
<b>Warning</b>:  simplexml_load_file() [<a href='function.simplexml-load-file'>function.simplexml-load-file</a>]: logs.&lt;/u&gt;&lt;/p&gt;&lt;HR size=&quot;1&quot; noshade=&quot;noshade&quot;&gt;&lt;h3&gt;Apache Tomcat/6.0.24&lt;/h3&gt;&lt;/body&gt; in <b>/home/wizard/public_html/boatingfreedom.com/wp-content/themes/boatingfreedom/classes/db.class.php</b> on line <b>124</b><br />
<br />
<b>Warning</b>:  simplexml_load_file() [<a href='function.simplexml-load-file'>function.simplexml-load-file</a>]:                                                                                ^ in <b>/home/wizard/public_html/boatingfreedom.com/wp-content/themes/boatingfreedom/classes/db.class.php</b> on line <b>124</b><br />
<br />
<b>Warning</b>:  simplexml_load_file() [<a href='function.simplexml-load-file'>function.simplexml-load-file</a>]: /home/wizard/public_html/boatingfreedom.com/wp-content/themes/boatingfreedom/boatingfreedom.xml:55: parser error : Opening and ending tag mismatch: HR line 1 and html in <b>/home/wizard/public_html/boatingfreedom.com/wp-content/themes/boatingfreedom/classes/db.class.php</b> on line <b>124</b><br />
<br />
<b>Warning</b>:  simplexml_load_file() [<a href='function.simplexml-load-file'>function.simplexml-load-file</a>]: u&gt;&lt;/p&gt;&lt;HR size=&quot;1&quot; noshade=&quot;noshade&quot;&gt;&lt;h3&gt;Apache Tomcat/6.0.24&lt;/h3&gt;&lt;/body&gt;&lt;/html&gt; in <b>/home/wizard/public_html/boatingfreedom.com/wp-content/themes/boatingfreedom/classes/db.class.php</b> on line <b>124</b><br />
<br />
<b>Warning</b>:  simplexml_load_file() [<a href='function.simplexml-load-file'>function.simplexml-load-file</a>]:                                                                                ^ in <b>/home/wizard/public_html/boatingfreedom.com/wp-content/themes/boatingfreedom/classes/db.class.php</b> on line <b>124</b><br />
<br />
<b>Warning</b>:  simplexml_load_file() [<a href='function.simplexml-load-file'>function.simplexml-load-file</a>]: /home/wizard/public_html/boatingfreedom.com/wp-content/themes/boatingfreedom/boatingfreedom.xml:55: parser error : Premature end of data in tag body line 1 in <b>/home/wizard/public_html/boatingfreedom.com/wp-content/themes/boatingfreedom/classes/db.class.php</b> on line <b>124</b><br />
<br />
<b>Warning</b>:  simplexml_load_file() [<a href='function.simplexml-load-file'>function.simplexml-load-file</a>]: u&gt;&lt;/p&gt;&lt;HR size=&quot;1&quot; noshade=&quot;noshade&quot;&gt;&lt;h3&gt;Apache Tomcat/6.0.24&lt;/h3&gt;&lt;/body&gt;&lt;/html&gt; in <b>/home/wizard/public_html/boatingfreedom.com/wp-content/themes/boatingfreedom/classes/db.class.php</b> on line <b>124</b><br />
<br />
<b>Warning</b>:  simplexml_load_file() [<a href='function.simplexml-load-file'>function.simplexml-load-file</a>]:                                                                                ^ in <b>/home/wizard/public_html/boatingfreedom.com/wp-content/themes/boatingfreedom/classes/db.class.php</b> on line <b>124</b><br />
<br />
<b>Warning</b>:  simplexml_load_file() [<a href='function.simplexml-load-file'>function.simplexml-load-file</a>]: /home/wizard/public_html/boatingfreedom.com/wp-content/themes/boatingfreedom/boatingfreedom.xml:55: parser error : Premature end of data in tag html line 1 in <b>/home/wizard/public_html/boatingfreedom.com/wp-content/themes/boatingfreedom/classes/db.class.php</b> on line <b>124</b><br />
<br />
<b>Warning</b>:  simplexml_load_file() [<a href='function.simplexml-load-file'>function.simplexml-load-file</a>]: u&gt;&lt;/p&gt;&lt;HR size=&quot;1&quot; noshade=&quot;noshade&quot;&gt;&lt;h3&gt;Apache Tomcat/6.0.24&lt;/h3&gt;&lt;/body&gt;&lt;/html&gt; in <b>/home/wizard/public_html/boatingfreedom.com/wp-content/themes/boatingfreedom/classes/db.class.php</b> on line <b>124</b><br />
<br />
<b>Warning</b>:  simplexml_load_file() [<a href='function.simplexml-load-file'>function.simplexml-load-file</a>]:                                                                                ^ in <b>/home/wizard/public_html/boatingfreedom.com/wp-content/themes/boatingfreedom/classes/db.class.php</b> on line <b>124</b><br />
Unable to load XML file!0
X-Powered-By: PHP/5.2.6
Content-type: text/html

/home/wizard/public_html/boatingfreedom.com/wp-content/themes/boatingfreedom/boatingfreedom.xml Feed imported sucessfully<br>
0
X-Powered-By: PHP/5.2.6
Content-type: text/html

/home/wizard/public_html/boatingfreedom.com/wp-content/themes/boatingfreedom/boatingfreedom.xml Feed imported sucessfully<br>
0
X-Powered-By: PHP/5.2.6
Content-type: text/html

/home/wizard/public_html/boatingfreedom.com/wp-content/themes/boatingfreedom/boatingfreedom.xml Feed imported sucessfully<br>
0
X-Powered-By: PHP/5.2.6
Content-type: text/html

/home/wizard/public_html/boatingfreedom.com/wp-content/themes/boatingfreedom/boatingfreedom.xml Feed imported sucessfully<br>
0
X-Powered-By: PHP/5.2.6
Content-type: text/html

/home/wizard/public_html/boatingfreedom.com/wp-content/themes/boatingfreedom/boatingfreedom.xml Feed imported sucessfully<br>
0
X-Powered-By: PHP/5.2.6
Content-type: text/html

/home/wizard/public_html/boatingfreedom.com/wp-content/themes/boatingfreedom/boatingfreedom.xml Feed imported sucessfully<br>
0
X-Powered-By: PHP/5.2.6
Content-type: text/html

/home/wizard/public_html/boatingfreedom.com/wp-content/themes/boatingfreedom/boatingfreedom.xml Feed imported sucessfully<br>
0
X-Powered-By: PHP/5.2.6
Content-type: text/html

/home/wizard/public_html/boatingfreedom.com/wp-content/themes/boatingfreedom/boatingfreedom.xml Feed imported sucessfully<br>
0
X-Powered-By: PHP/5.2.6
Content-type: text/html

/home/wizard/public_html/boatingfreedom.com/wp-content/themes/boatingfreedom/boatingfreedom.xml Feed imported sucessfully<br>
0
X-Powered-By: PHP/5.2.6
Content-type: text/html

/home/wizard/public_html/boatingfreedom.com/wp-content/themes/boatingfreedom/boatingfreedom.xml Feed imported sucessfully<br>
0
X-Powered-By: PHP/5.2.6
Content-type: text/html

/home/wizard/public_html/boatingfreedom.com/wp-content/themes/boatingfreedom/boatingfreedom.xml Feed imported sucessfully<br>
0
X-Powered-By: PHP/5.2.6
Content-type: text/html

/home/wizard/public_html/boatingfreedom.com/wp-content/themes/boatingfreedom/boatingfreedom.xml Feed imported sucessfully<br>
0
X-Powered-By: PHP/5.2.6
Content-type: text/html

/home/wizard/public_html/boatingfreedom.com/wp-content/themes/boatingfreedom/boatingfreedom.xml Feed imported sucessfully<br>
0
X-Powered-By: PHP/5.2.6
Content-type: text/html

/home/wizard/public_html/boatingfreedom.com/wp-content/themes/boatingfreedom/boatingfreedom.xml Feed imported sucessfully<br>
0
X-Powered-By: PHP/5.2.6
Content-type: text/html

/home/wizard/public_html/boatingfreedom.com/wp-content/themes/boatingfreedom/boatingfreedom.xml Feed imported sucessfully<br>
0
X-Powered-By: PHP/5.2.6
Content-type: text/html

/home/wizard/public_html/boatingfreedom.com/wp-content/themes/boatingfreedom/boatingfreedom.xml Feed imported sucessfully<br>
0
X-Powered-By: PHP/5.2.6
Content-type: text/html

/home/wizard/public_html/boatingfreedom.com/wp-content/themes/boatingfreedom/boatingfreedom.xml Feed imported sucessfully<br>
0
X-Powered-By: PHP/5.2.6
Content-type: text/html

/home/wizard/public_html/boatingfreedom.com/wp-content/themes/boatingfreedom/boatingfreedom.xml Feed imported sucessfully<br>
0
X-Powered-By: PHP/5.2.6
Content-type: text/html

/home/wizard/public_html/boatingfreedom.com/wp-content/themes/boatingfreedom/boatingfreedom.xml Feed imported sucessfully<br>
0
X-Powered-By: PHP/5.2.6
Content-type: text/html

/home/wizard/public_html/boatingfreedom.com/wp-content/themes/boatingfreedom/boatingfreedom.xml Feed imported sucessfully<br>
